2026-06-16 09:16:44,805 - INFO - Iter: 0; ema_loss: 0.177730
2026-06-16 09:16:45,255 - INFO - Iter: 100; ema_loss: 0.132015
2026-06-16 09:16:45,707 - INFO - Iter: 200; ema_loss: 0.113982
2026-06-16 09:16:46,152 - INFO - Iter: 300; ema_loss: 0.130915
2026-06-16 09:16:46,594 - INFO - Iter: 400; ema_loss: 0.130282
2026-06-16 09:16:47,040 - INFO - Iter: 500; ema_loss: 0.126703
2026-06-16 09:16:47,488 - INFO - Iter: 600; ema_loss: 0.115433
2026-06-16 09:16:47,936 - INFO - Iter: 700; ema_loss: 0.117607
2026-06-16 09:16:48,385 - INFO - Iter: 800; ema_loss: 0.120799
2026-06-16 09:16:48,832 - INFO - Iter: 900; ema_loss: 0.121326
2026-06-16 09:16:49,282 - INFO - Iter: 1000; ema_loss: 0.122652
2026-06-16 09:16:49,727 - INFO - Iter: 1100; ema_loss: 0.115682
2026-06-16 09:16:50,173 - INFO - Iter: 1200; ema_loss: 0.115329
2026-06-16 09:16:50,612 - INFO - Iter: 1300; ema_loss: 0.115702
2026-06-16 09:16:51,051 - INFO - Iter: 1400; ema_loss: 0.109570
2026-06-16 09:16:51,490 - INFO - Iter: 1500; ema_loss: 0.118234
2026-06-16 09:16:51,928 - INFO - Iter: 1600; ema_loss: 0.121202
2026-06-16 09:16:52,367 - INFO - Iter: 1700; ema_loss: 0.121925
2026-06-16 09:16:52,805 - INFO - Iter: 1800; ema_loss: 0.119237
2026-06-16 09:16:53,245 - INFO - Iter: 1900; ema_loss: 0.112658
2026-06-16 09:16:53,685 - INFO - Iter: 2000; ema_loss: 0.118407
2026-06-16 09:16:54,124 - INFO - Iter: 2100; ema_loss: 0.108558
2026-06-16 09:16:54,565 - INFO - Iter: 2200; ema_loss: 0.124272
2026-06-16 09:16:55,005 - INFO - Iter: 2300; ema_loss: 0.118343
2026-06-16 09:16:55,446 - INFO - Iter: 2400; ema_loss: 0.116788
2026-06-16 09:16:55,887 - INFO - Iter: 2500; ema_loss: 0.130423
2026-06-16 09:16:56,329 - INFO - Iter: 2600; ema_loss: 0.129787
2026-06-16 09:16:56,769 - INFO - Iter: 2700; ema_loss: 0.125775
2026-06-16 09:16:57,207 - INFO - Iter: 2800; ema_loss: 0.126126
2026-06-16 09:16:57,646 - INFO - Iter: 2900; ema_loss: 0.131259
2026-06-16 09:16:58,086 - INFO - Iter: 3000; ema_loss: 0.125587
2026-06-16 09:16:58,523 - INFO - Iter: 3100; ema_loss: 0.114442
2026-06-16 09:16:58,960 - INFO - Iter: 3200; ema_loss: 0.116905
2026-06-16 09:16:59,399 - INFO - Iter: 3300; ema_loss: 0.119247
2026-06-16 09:16:59,839 - INFO - Iter: 3400; ema_loss: 0.123852
2026-06-16 09:17:00,280 - INFO - Iter: 3500; ema_loss: 0.124944
2026-06-16 09:17:00,727 - INFO - Iter: 3600; ema_loss: 0.119742
2026-06-16 09:17:01,088 - INFO - Iter: 3700; ema_loss: 0.113837
2026-06-16 09:17:01,497 - INFO - Iter: 3800; ema_loss: 0.120495
2026-06-16 09:17:01,941 - INFO - Iter: 3900; ema_loss: 0.121539
2026-06-16 09:17:02,382 - INFO - Iter: 4000; ema_loss: 0.123002
2026-06-16 09:17:02,823 - INFO - Iter: 4100; ema_loss: 0.123713
2026-06-16 09:17:03,264 - INFO - Iter: 4200; ema_loss: 0.123998
2026-06-16 09:17:03,705 - INFO - Iter: 4300; ema_loss: 0.131835
2026-06-16 09:17:04,144 - INFO - Iter: 4400; ema_loss: 0.122234
2026-06-16 09:17:04,586 - INFO - Iter: 4500; ema_loss: 0.120645
2026-06-16 09:17:05,030 - INFO - Iter: 4600; ema_loss: 0.128706
2026-06-16 09:17:05,470 - INFO - Iter: 4700; ema_loss: 0.122166
2026-06-16 09:17:05,911 - INFO - Iter: 4800; ema_loss: 0.111055
2026-06-16 09:17:06,354 - INFO - Iter: 4900; ema_loss: 0.113734
2026-06-16 09:17:06,794 - INFO - Iter: 5000; ema_loss: 0.127265
2026-06-16 09:17:08,427 - INFO - 1-chain val AUC: 0.977804 val perc 97.948089; iteration: 5000
2026-06-16 09:17:09,165 - INFO - 2-inter val AUC: 0.715270 val perc 70.483607; iteration: 5000
2026-06-16 09:17:09,894 - INFO - Hard-2-inter val AUC: 0.478810 val perc 46.945614; iteration: 5000
2026-06-16 09:17:10,460 - INFO - 2-chain val AUC: 0.900247 val perc 87.852273; iteration: 5000
2026-06-16 09:17:11,368 - INFO - 3-chain val AUC: 0.851800 val perc 87.336634; iteration: 5000
2026-06-16 09:17:12,451 - INFO - 3-chain_inter val AUC: 0.520742 val perc 49.555556; iteration: 5000
2026-06-16 09:17:13,528 - INFO - Hard-3-chain_inter val AUC: 0.566593 val perc 57.972918; iteration: 5000
2026-06-16 09:17:14,616 - INFO - 3-inter_chain val AUC: 0.682775 val perc 67.361702; iteration: 5000
2026-06-16 09:17:15,703 - INFO - Hard-3-inter_chain val AUC: 0.524735 val perc 48.400848; iteration: 5000
2026-06-16 09:17:16,898 - INFO - 3-inter val AUC: 0.706108 val perc 73.147368; iteration: 5000
2026-06-16 09:17:18,091 - INFO - Hard-3-inter val AUC: 0.461240 val perc 47.727205; iteration: 5000
2026-06-16 09:17:18,535 - INFO - Iter: 5100; ema_loss: 0.120377
2026-06-16 09:17:18,978 - INFO - Iter: 5200; ema_loss: 0.131501
2026-06-16 09:17:19,422 - INFO - Iter: 5300; ema_loss: 0.132004
2026-06-16 09:17:19,863 - INFO - Iter: 5400; ema_loss: 0.126758
2026-06-16 09:17:20,304 - INFO - Iter: 5500; ema_loss: 0.123659
2026-06-16 09:17:20,749 - INFO - Iter: 5600; ema_loss: 0.111464
2026-06-16 09:17:21,199 - INFO - Iter: 5700; ema_loss: 0.119505
2026-06-16 09:17:21,646 - INFO - Iter: 5800; ema_loss: 0.113975
2026-06-16 09:17:22,093 - INFO - Iter: 5900; ema_loss: 0.127975
2026-06-16 09:17:22,538 - INFO - Iter: 6000; ema_loss: 0.125669
2026-06-16 09:17:22,985 - INFO - Iter: 6100; ema_loss: 0.124027
2026-06-16 09:17:23,432 - INFO - Iter: 6200; ema_loss: 0.121271
2026-06-16 09:17:23,877 - INFO - Iter: 6300; ema_loss: 0.109663
2026-06-16 09:17:24,318 - INFO - Iter: 6400; ema_loss: 0.109698
2026-06-16 09:17:24,767 - INFO - Iter: 6500; ema_loss: 0.113924
2026-06-16 09:17:25,210 - INFO - Iter: 6600; ema_loss: 0.117559
2026-06-16 09:17:25,654 - INFO - Iter: 6700; ema_loss: 0.117820
2026-06-16 09:17:26,099 - INFO - Iter: 6800; ema_loss: 0.117167
2026-06-16 09:17:26,544 - INFO - Iter: 6900; ema_loss: 0.125133
2026-06-16 09:17:26,993 - INFO - Iter: 7000; ema_loss: 0.120291
2026-06-16 09:17:27,439 - INFO - Iter: 7100; ema_loss: 0.120421
2026-06-16 09:17:27,883 - INFO - Iter: 7200; ema_loss: 0.122739
2026-06-16 09:17:28,327 - INFO - Iter: 7300; ema_loss: 0.129535
2026-06-16 09:17:28,773 - INFO - Iter: 7400; ema_loss: 0.125636
2026-06-16 09:17:29,211 - INFO - Iter: 7500; ema_loss: 0.113609
2026-06-16 09:17:29,652 - INFO - Iter: 7600; ema_loss: 0.119929
2026-06-16 09:17:30,094 - INFO - Iter: 7700; ema_loss: 0.124028
2026-06-16 09:17:30,536 - INFO - Iter: 7800; ema_loss: 0.118977
2026-06-16 09:17:30,976 - INFO - Iter: 7900; ema_loss: 0.106632
2026-06-16 09:17:31,405 - INFO - Iter: 8000; ema_loss: 0.124580
2026-06-16 09:17:31,813 - INFO - Iter: 8100; ema_loss: 0.130981
2026-06-16 09:17:32,221 - INFO - Iter: 8200; ema_loss: 0.132098
2026-06-16 09:17:32,627 - INFO - Iter: 8300; ema_loss: 0.122594
2026-06-16 09:17:33,033 - INFO - Iter: 8400; ema_loss: 0.123325
2026-06-16 09:17:33,474 - INFO - Iter: 8500; ema_loss: 0.119821
2026-06-16 09:17:33,916 - INFO - Iter: 8600; ema_loss: 0.115948
2026-06-16 09:17:34,362 - INFO - Iter: 8700; ema_loss: 0.122028
2026-06-16 09:17:34,805 - INFO - Iter: 8800; ema_loss: 0.123131
2026-06-16 09:17:35,251 - INFO - Iter: 8900; ema_loss: 0.126733
2026-06-16 09:17:35,698 - INFO - Iter: 9000; ema_loss: 0.119931
2026-06-16 09:17:36,142 - INFO - Iter: 9100; ema_loss: 0.118741
2026-06-16 09:17:36,586 - INFO - Iter: 9200; ema_loss: 0.120336
2026-06-16 09:17:37,030 - INFO - Iter: 9300; ema_loss: 0.126189
2026-06-16 09:17:37,475 - INFO - Iter: 9400; ema_loss: 0.127325
2026-06-16 09:17:37,918 - INFO - Iter: 9500; ema_loss: 0.131106
2026-06-16 09:17:38,369 - INFO - Iter: 9600; ema_loss: 0.120915
2026-06-16 09:17:38,814 - INFO - Iter: 9700; ema_loss: 0.120409
2026-06-16 09:17:39,259 - INFO - Iter: 9800; ema_loss: 0.120225
2026-06-16 09:17:39,702 - INFO - Iter: 9900; ema_loss: 0.112781
2026-06-16 09:17:40,145 - INFO - Iter: 10000; ema_loss: 0.114024
2026-06-16 09:17:41,778 - INFO - 1-chain val AUC: 0.977614 val perc 97.983204; iteration: 10000
2026-06-16 09:17:42,508 - INFO - 2-inter val AUC: 0.714041 val perc 72.549180; iteration: 10000
2026-06-16 09:17:43,233 - INFO - Hard-2-inter val AUC: 0.484645 val perc 46.804859; iteration: 10000
2026-06-16 09:17:43,798 - INFO - 2-chain val AUC: 0.897679 val perc 88.943182; iteration: 10000
2026-06-16 09:17:44,709 - INFO - 3-chain val AUC: 0.835852 val perc 86.009901; iteration: 10000
2026-06-16 09:17:45,799 - INFO - 3-chain_inter val AUC: 0.523067 val perc 50.464646; iteration: 10000
2026-06-16 09:17:46,887 - INFO - Hard-3-chain_inter val AUC: 0.566622 val perc 58.447676; iteration: 10000
2026-06-16 09:17:47,998 - INFO - 3-inter_chain val AUC: 0.672451 val perc 64.414894; iteration: 10000
2026-06-16 09:17:49,084 - INFO - Hard-3-inter_chain val AUC: 0.521847 val perc 48.556320; iteration: 10000
2026-06-16 09:17:50,278 - INFO - 3-inter val AUC: 0.717729 val perc 70.389474; iteration: 10000
2026-06-16 09:17:51,466 - INFO - Hard-3-inter val AUC: 0.469185 val perc 48.507719; iteration: 10000
2026-06-16 09:17:51,916 - INFO - Iter: 10100; ema_loss: 0.115804
2026-06-16 09:17:52,363 - INFO - Iter: 10200; ema_loss: 0.119028
2026-06-16 09:17:52,811 - INFO - Iter: 10300; ema_loss: 0.124382
2026-06-16 09:17:53,260 - INFO - Iter: 10400; ema_loss: 0.121081
2026-06-16 09:17:53,703 - INFO - Iter: 10500; ema_loss: 0.120706
2026-06-16 09:17:54,141 - INFO - Iter: 10600; ema_loss: 0.111413
2026-06-16 09:17:54,581 - INFO - Iter: 10700; ema_loss: 0.123846
2026-06-16 09:17:55,020 - INFO - Iter: 10800; ema_loss: 0.124890
2026-06-16 09:17:55,460 - INFO - Iter: 10900; ema_loss: 0.132297
2026-06-16 09:17:55,904 - INFO - Iter: 11000; ema_loss: 0.121013
2026-06-16 09:17:56,341 - INFO - Iter: 11100; ema_loss: 0.117203
2026-06-16 09:17:56,780 - INFO - Iter: 11200; ema_loss: 0.120558
2026-06-16 09:17:57,198 - INFO - Iter: 11300; ema_loss: 0.113250
2026-06-16 09:17:57,625 - INFO - Iter: 11400; ema_loss: 0.116773
2026-06-16 09:17:58,068 - INFO - Iter: 11500; ema_loss: 0.129773
2026-06-16 09:17:58,511 - INFO - Iter: 11600; ema_loss: 0.120376
2026-06-16 09:17:58,961 - INFO - Iter: 11700; ema_loss: 0.126113
2026-06-16 09:17:59,405 - INFO - Iter: 11800; ema_loss: 0.119411
2026-06-16 09:17:59,849 - INFO - Iter: 11900; ema_loss: 0.122867
2026-06-16 09:18:00,294 - INFO - Iter: 12000; ema_loss: 0.124554
2026-06-16 09:18:00,740 - INFO - Iter: 12100; ema_loss: 0.129435
2026-06-16 09:18:01,184 - INFO - Iter: 12200; ema_loss: 0.137157
2026-06-16 09:18:01,628 - INFO - Iter: 12300; ema_loss: 0.119547
2026-06-16 09:18:02,072 - INFO - Iter: 12400; ema_loss: 0.128526
2026-06-16 09:18:02,516 - INFO - Iter: 12500; ema_loss: 0.125028
2026-06-16 09:18:02,962 - INFO - Iter: 12600; ema_loss: 0.133641
2026-06-16 09:18:03,408 - INFO - Iter: 12700; ema_loss: 0.122515
2026-06-16 09:18:03,852 - INFO - Iter: 12800; ema_loss: 0.127182
2026-06-16 09:18:04,298 - INFO - Iter: 12900; ema_loss: 0.129489
2026-06-16 09:18:04,742 - INFO - Iter: 13000; ema_loss: 0.132501
2026-06-16 09:18:05,187 - INFO - Iter: 13100; ema_loss: 0.121902
2026-06-16 09:18:05,630 - INFO - Iter: 13200; ema_loss: 0.123731
2026-06-16 09:18:06,076 - INFO - Iter: 13300; ema_loss: 0.123862
2026-06-16 09:18:06,518 - INFO - Iter: 13400; ema_loss: 0.115966
2026-06-16 09:18:06,962 - INFO - Iter: 13500; ema_loss: 0.116930
2026-06-16 09:18:07,406 - INFO - Iter: 13600; ema_loss: 0.111619
2026-06-16 09:18:07,848 - INFO - Iter: 13700; ema_loss: 0.119398
2026-06-16 09:18:08,290 - INFO - Iter: 13800; ema_loss: 0.112694
2026-06-16 09:18:08,733 - INFO - Iter: 13900; ema_loss: 0.124867
2026-06-16 09:18:09,176 - INFO - Iter: 14000; ema_loss: 0.118916
2026-06-16 09:18:09,622 - INFO - Iter: 14100; ema_loss: 0.130392
2026-06-16 09:18:10,065 - INFO - Iter: 14200; ema_loss: 0.125902
2026-06-16 09:18:10,507 - INFO - Iter: 14300; ema_loss: 0.122080
2026-06-16 09:18:10,950 - INFO - Iter: 14400; ema_loss: 0.129410
2026-06-16 09:18:11,393 - INFO - Iter: 14500; ema_loss: 0.116491
2026-06-16 09:18:11,836 - INFO - Iter: 14600; ema_loss: 0.119060
2026-06-16 09:18:12,279 - INFO - Iter: 14700; ema_loss: 0.112559
2026-06-16 09:18:12,720 - INFO - Iter: 14800; ema_loss: 0.113266
2026-06-16 09:18:13,162 - INFO - Iter: 14900; ema_loss: 0.120329
2026-06-16 09:18:13,605 - INFO - Iter: 15000; ema_loss: 0.122442
2026-06-16 09:18:15,221 - INFO - 1-chain val AUC: 0.977905 val perc 97.962025; iteration: 15000
2026-06-16 09:18:15,964 - INFO - 2-inter val AUC: 0.716022 val perc 68.303279; iteration: 15000
2026-06-16 09:18:16,687 - INFO - Hard-2-inter val AUC: 0.482573 val perc 44.403241; iteration: 15000
2026-06-16 09:18:17,248 - INFO - 2-chain val AUC: 0.928587 val perc 95.340909; iteration: 15000
2026-06-16 09:18:18,154 - INFO - 3-chain val AUC: 0.884214 val perc 93.445545; iteration: 15000
2026-06-16 09:18:19,236 - INFO - 3-chain_inter val AUC: 0.529491 val perc 48.868687; iteration: 15000
2026-06-16 09:18:20,314 - INFO - Hard-3-chain_inter val AUC: 0.570148 val perc 56.812415; iteration: 15000
2026-06-16 09:18:21,401 - INFO - 3-inter_chain val AUC: 0.674514 val perc 67.936170; iteration: 15000
2026-06-16 09:18:22,487 - INFO - Hard-3-inter_chain val AUC: 0.528864 val perc 51.598804; iteration: 15000
2026-06-16 09:18:23,677 - INFO - 3-inter val AUC: 0.725527 val perc 71.894737; iteration: 15000
2026-06-16 09:18:24,862 - INFO - Hard-3-inter val AUC: 0.473496 val perc 48.426274; iteration: 15000
2026-06-16 09:18:25,306 - INFO - Iter: 15100; ema_loss: 0.119292
2026-06-16 09:18:25,747 - INFO - Iter: 15200; ema_loss: 0.115701
2026-06-16 09:18:26,186 - INFO - Iter: 15300; ema_loss: 0.118387
2026-06-16 09:18:26,648 - INFO - Iter: 15400; ema_loss: 0.115699
2026-06-16 09:18:27,090 - INFO - Iter: 15500; ema_loss: 0.132764
2026-06-16 09:18:27,532 - INFO - Iter: 15600; ema_loss: 0.132743
2026-06-16 09:18:27,972 - INFO - Iter: 15700; ema_loss: 0.126821
2026-06-16 09:18:28,413 - INFO - Iter: 15800; ema_loss: 0.123709
2026-06-16 09:18:28,854 - INFO - Iter: 15900; ema_loss: 0.131002
2026-06-16 09:18:29,295 - INFO - Iter: 16000; ema_loss: 0.129815
2026-06-16 09:18:29,734 - INFO - Iter: 16100; ema_loss: 0.127020
2026-06-16 09:18:30,174 - INFO - Iter: 16200; ema_loss: 0.128746
2026-06-16 09:18:30,615 - INFO - Iter: 16300; ema_loss: 0.129050
2026-06-16 09:18:31,054 - INFO - Iter: 16400; ema_loss: 0.123030
2026-06-16 09:18:31,494 - INFO - Iter: 16500; ema_loss: 0.110502
2026-06-16 09:18:31,936 - INFO - Iter: 16600; ema_loss: 0.121054
2026-06-16 09:18:32,376 - INFO - Iter: 16700; ema_loss: 0.123794
2026-06-16 09:18:32,816 - INFO - Iter: 16800; ema_loss: 0.127866
2026-06-16 09:18:33,256 - INFO - Iter: 16900; ema_loss: 0.130198
2026-06-16 09:18:33,698 - INFO - Iter: 17000; ema_loss: 0.128366
2026-06-16 09:18:34,140 - INFO - Iter: 17100; ema_loss: 0.120869
2026-06-16 09:18:34,581 - INFO - Iter: 17200; ema_loss: 0.113685
2026-06-16 09:18:35,021 - INFO - Iter: 17300; ema_loss: 0.121875
2026-06-16 09:18:35,461 - INFO - Iter: 17400; ema_loss: 0.122501
2026-06-16 09:18:35,903 - INFO - Iter: 17500; ema_loss: 0.121543
2026-06-16 09:18:36,343 - INFO - Iter: 17600; ema_loss: 0.118631
2026-06-16 09:18:36,784 - INFO - Iter: 17700; ema_loss: 0.123250
2026-06-16 09:18:37,225 - INFO - Iter: 17800; ema_loss: 0.124400
2026-06-16 09:18:37,666 - INFO - Iter: 17900; ema_loss: 0.126444
2026-06-16 09:18:38,108 - INFO - Iter: 18000; ema_loss: 0.123439
2026-06-16 09:18:38,551 - INFO - Iter: 18100; ema_loss: 0.119933
2026-06-16 09:18:38,993 - INFO - Iter: 18200; ema_loss: 0.121747
2026-06-16 09:18:39,434 - INFO - Iter: 18300; ema_loss: 0.127634
2026-06-16 09:18:39,875 - INFO - Iter: 18400; ema_loss: 0.112909
2026-06-16 09:18:40,315 - INFO - Iter: 18500; ema_loss: 0.114419
2026-06-16 09:18:40,754 - INFO - Iter: 18600; ema_loss: 0.120624
2026-06-16 09:18:41,191 - INFO - Iter: 18700; ema_loss: 0.121627
2026-06-16 09:18:41,631 - INFO - Iter: 18800; ema_loss: 0.130767
2026-06-16 09:18:42,067 - INFO - Iter: 18900; ema_loss: 0.127672
2026-06-16 09:18:42,505 - INFO - Iter: 19000; ema_loss: 0.125216
2026-06-16 09:18:42,945 - INFO - Iter: 19100; ema_loss: 0.127031
2026-06-16 09:18:43,387 - INFO - Iter: 19200; ema_loss: 0.120879
2026-06-16 09:18:43,826 - INFO - Iter: 19300; ema_loss: 0.127053
2026-06-16 09:18:44,275 - INFO - Iter: 19400; ema_loss: 0.124577
2026-06-16 09:18:44,717 - INFO - Iter: 19500; ema_loss: 0.115591
2026-06-16 09:18:45,159 - INFO - Iter: 19600; ema_loss: 0.117081
2026-06-16 09:18:45,602 - INFO - Iter: 19700; ema_loss: 0.121805
2026-06-16 09:18:46,043 - INFO - Iter: 19800; ema_loss: 0.132909
2026-06-16 09:18:46,485 - INFO - Iter: 19900; ema_loss: 0.135793
2026-06-16 09:18:46,926 - INFO - Iter: 20000; ema_loss: 0.130108
2026-06-16 09:18:48,533 - INFO - 1-chain val AUC: 0.977854 val perc 97.981804; iteration: 20000
2026-06-16 09:18:49,257 - INFO - 2-inter val AUC: 0.705124 val perc 69.721311; iteration: 20000
2026-06-16 09:18:49,978 - INFO - Hard-2-inter val AUC: 0.483706 val perc 49.204708; iteration: 20000
2026-06-16 09:18:50,540 - INFO - 2-chain val AUC: 0.897018 val perc 89.500000; iteration: 20000
2026-06-16 09:18:51,444 - INFO - 3-chain val AUC: 0.845295 val perc 86.257426; iteration: 20000
2026-06-16 09:18:52,524 - INFO - 3-chain_inter val AUC: 0.516388 val perc 47.686869; iteration: 20000
2026-06-16 09:18:53,597 - INFO - Hard-3-chain_inter val AUC: 0.566995 val perc 56.854225; iteration: 20000
2026-06-16 09:18:54,681 - INFO - 3-inter_chain val AUC: 0.682381 val perc 68.287234; iteration: 20000
2026-06-16 09:18:55,764 - INFO - Hard-3-inter_chain val AUC: 0.528645 val perc 53.215825; iteration: 20000
2026-06-16 09:18:56,954 - INFO - 3-inter val AUC: 0.711806 val perc 68.715789; iteration: 20000
2026-06-16 09:18:58,138 - INFO - Hard-3-inter val AUC: 0.466661 val perc 46.710857; iteration: 20000
2026-06-16 09:18:58,590 - INFO - Iter: 20100; ema_loss: 0.129132
2026-06-16 09:18:59,039 - INFO - Iter: 20200; ema_loss: 0.122929
2026-06-16 09:18:59,487 - INFO - Iter: 20300; ema_loss: 0.120071
2026-06-16 09:18:59,934 - INFO - Iter: 20400; ema_loss: 0.122090
2026-06-16 09:19:00,383 - INFO - Iter: 20500; ema_loss: 0.116563
2026-06-16 09:19:00,829 - INFO - Iter: 20600; ema_loss: 0.129393
2026-06-16 09:19:01,276 - INFO - Iter: 20700; ema_loss: 0.128758
2026-06-16 09:19:01,737 - INFO - Iter: 20800; ema_loss: 0.127200
2026-06-16 09:19:02,189 - INFO - Iter: 20900; ema_loss: 0.132834
2026-06-16 09:19:02,639 - INFO - Iter: 21000; ema_loss: 0.131961
2026-06-16 09:19:03,089 - INFO - Iter: 21100; ema_loss: 0.124699
2026-06-16 09:19:03,539 - INFO - Iter: 21200; ema_loss: 0.125176
2026-06-16 09:19:03,989 - INFO - Iter: 21300; ema_loss: 0.125249
2026-06-16 09:19:04,438 - INFO - Iter: 21400; ema_loss: 0.126182
2026-06-16 09:19:04,888 - INFO - Iter: 21500; ema_loss: 0.122187
2026-06-16 09:19:05,337 - INFO - Iter: 21600; ema_loss: 0.120498
2026-06-16 09:19:05,783 - INFO - Iter: 21700; ema_loss: 0.121776
2026-06-16 09:19:06,230 - INFO - Iter: 21800; ema_loss: 0.116024
2026-06-16 09:19:06,677 - INFO - Iter: 21900; ema_loss: 0.114342
2026-06-16 09:19:07,124 - INFO - Iter: 22000; ema_loss: 0.120606
2026-06-16 09:19:07,569 - INFO - Iter: 22100; ema_loss: 0.119939
2026-06-16 09:19:08,016 - INFO - Iter: 22200; ema_loss: 0.117149
2026-06-16 09:19:08,462 - INFO - Iter: 22300; ema_loss: 0.116297
2026-06-16 09:19:08,910 - INFO - Iter: 22400; ema_loss: 0.109556
2026-06-16 09:19:09,357 - INFO - Iter: 22500; ema_loss: 0.107281
2026-06-16 09:19:09,804 - INFO - Iter: 22600; ema_loss: 0.123988
2026-06-16 09:19:10,251 - INFO - Iter: 22700; ema_loss: 0.121640
2026-06-16 09:19:10,700 - INFO - Iter: 22800; ema_loss: 0.123765
2026-06-16 09:19:11,151 - INFO - Iter: 22900; ema_loss: 0.125336
2026-06-16 09:19:11,600 - INFO - Iter: 23000; ema_loss: 0.127546
2026-06-16 09:19:12,046 - INFO - Iter: 23100; ema_loss: 0.114547
2026-06-16 09:19:12,493 - INFO - Iter: 23200; ema_loss: 0.118498
2026-06-16 09:19:12,938 - INFO - Iter: 23300; ema_loss: 0.106378
2026-06-16 09:19:13,386 - INFO - Iter: 23400; ema_loss: 0.115041
2026-06-16 09:19:13,833 - INFO - Iter: 23500; ema_loss: 0.123834
2026-06-16 09:19:14,280 - INFO - Iter: 23600; ema_loss: 0.122168
2026-06-16 09:19:14,730 - INFO - Iter: 23700; ema_loss: 0.122807
2026-06-16 09:19:15,177 - INFO - Iter: 23800; ema_loss: 0.124487
2026-06-16 09:19:15,622 - INFO - Iter: 23900; ema_loss: 0.115305
2026-06-16 09:19:16,070 - INFO - Iter: 24000; ema_loss: 0.133539
2026-06-16 09:19:16,514 - INFO - Iter: 24100; ema_loss: 0.127001
2026-06-16 09:19:16,959 - INFO - Iter: 24200; ema_loss: 0.119745
2026-06-16 09:19:17,406 - INFO - Iter: 24300; ema_loss: 0.118469
2026-06-16 09:19:17,853 - INFO - Iter: 24400; ema_loss: 0.102564
2026-06-16 09:19:18,299 - INFO - Iter: 24500; ema_loss: 0.115766
2026-06-16 09:19:18,745 - INFO - Iter: 24600; ema_loss: 0.121057
2026-06-16 09:19:19,192 - INFO - Iter: 24700; ema_loss: 0.126111
2026-06-16 09:19:19,639 - INFO - Iter: 24800; ema_loss: 0.124511
2026-06-16 09:19:20,087 - INFO - Iter: 24900; ema_loss: 0.118167
2026-06-16 09:19:20,535 - INFO - Iter: 25000; ema_loss: 0.118796
2026-06-16 09:19:22,157 - INFO - 1-chain val AUC: 0.977855 val perc 97.975962; iteration: 25000
2026-06-16 09:19:22,884 - INFO - 2-inter val AUC: 0.719372 val perc 70.114754; iteration: 25000
2026-06-16 09:19:23,611 - INFO - Hard-2-inter val AUC: 0.489909 val perc 46.843720; iteration: 25000
2026-06-16 09:19:24,173 - INFO - 2-chain val AUC: 0.910109 val perc 90.363636; iteration: 25000
2026-06-16 09:19:25,080 - INFO - 3-chain val AUC: 0.836855 val perc 85.207921; iteration: 25000
2026-06-16 09:19:26,166 - INFO - 3-chain_inter val AUC: 0.521322 val perc 50.808081; iteration: 25000
2026-06-16 09:19:27,243 - INFO - Hard-3-chain_inter val AUC: 0.573467 val perc 56.810027; iteration: 25000
2026-06-16 09:19:28,329 - INFO - 3-inter_chain val AUC: 0.686909 val perc 63.840426; iteration: 25000
2026-06-16 09:19:29,413 - INFO - Hard-3-inter_chain val AUC: 0.533145 val perc 48.178974; iteration: 25000
2026-06-16 09:19:30,603 - INFO - 3-inter val AUC: 0.713316 val perc 71.326316; iteration: 25000
2026-06-16 09:19:31,789 - INFO - Hard-3-inter val AUC: 0.469735 val perc 44.273882; iteration: 25000
2026-06-16 09:19:32,238 - INFO - Iter: 25100; ema_loss: 0.114995
2026-06-16 09:19:32,684 - INFO - Iter: 25200; ema_loss: 0.129446
2026-06-16 09:19:33,132 - INFO - Iter: 25300; ema_loss: 0.117512
2026-06-16 09:19:33,579 - INFO - Iter: 25400; ema_loss: 0.122154
2026-06-16 09:19:34,024 - INFO - Iter: 25500; ema_loss: 0.117355
2026-06-16 09:19:34,473 - INFO - Iter: 25600; ema_loss: 0.121153
2026-06-16 09:19:34,919 - INFO - Iter: 25700; ema_loss: 0.127192
2026-06-16 09:19:35,365 - INFO - Iter: 25800; ema_loss: 0.122323
2026-06-16 09:19:35,811 - INFO - Iter: 25900; ema_loss: 0.131191
2026-06-16 09:19:36,257 - INFO - Iter: 26000; ema_loss: 0.126273
2026-06-16 09:19:36,701 - INFO - Iter: 26100; ema_loss: 0.129067
2026-06-16 09:19:37,148 - INFO - Iter: 26200; ema_loss: 0.133594
2026-06-16 09:19:37,596 - INFO - Iter: 26300; ema_loss: 0.129760
2026-06-16 09:19:38,046 - INFO - Iter: 26400; ema_loss: 0.129893
2026-06-16 09:19:38,494 - INFO - Iter: 26500; ema_loss: 0.128187
2026-06-16 09:19:38,938 - INFO - Iter: 26600; ema_loss: 0.110791
2026-06-16 09:19:39,384 - INFO - Iter: 26700; ema_loss: 0.113801
2026-06-16 09:19:39,832 - INFO - Iter: 26800; ema_loss: 0.142870
2026-06-16 09:19:40,276 - INFO - Iter: 26900; ema_loss: 0.131052
2026-06-16 09:19:40,726 - INFO - Iter: 27000; ema_loss: 0.129067
2026-06-16 09:19:41,172 - INFO - Iter: 27100; ema_loss: 0.134603
2026-06-16 09:19:41,619 - INFO - Iter: 27200; ema_loss: 0.117286
2026-06-16 09:19:42,065 - INFO - Iter: 27300; ema_loss: 0.103768
2026-06-16 09:19:42,514 - INFO - Iter: 27400; ema_loss: 0.116082
2026-06-16 09:19:42,962 - INFO - Iter: 27500; ema_loss: 0.117793
2026-06-16 09:19:43,410 - INFO - Iter: 27600; ema_loss: 0.115713
2026-06-16 09:19:43,861 - INFO - Iter: 27700; ema_loss: 0.115585
2026-06-16 09:19:44,309 - INFO - Iter: 27800; ema_loss: 0.122648
2026-06-16 09:19:44,756 - INFO - Iter: 27900; ema_loss: 0.124734
2026-06-16 09:19:45,206 - INFO - Iter: 28000; ema_loss: 0.120930
2026-06-16 09:19:45,655 - INFO - Iter: 28100; ema_loss: 0.122253
2026-06-16 09:19:46,104 - INFO - Iter: 28200; ema_loss: 0.128349
2026-06-16 09:19:46,552 - INFO - Iter: 28300; ema_loss: 0.128114
2026-06-16 09:19:46,911 - INFO - Iter: 28400; ema_loss: 0.124285
2026-06-16 09:19:47,356 - INFO - Iter: 28500; ema_loss: 0.122186
2026-06-16 09:19:47,804 - INFO - Iter: 28600; ema_loss: 0.121298
2026-06-16 09:19:48,252 - INFO - Iter: 28700; ema_loss: 0.121467
2026-06-16 09:19:48,702 - INFO - Iter: 28800; ema_loss: 0.119781
2026-06-16 09:19:49,151 - INFO - Iter: 28900; ema_loss: 0.119525
2026-06-16 09:19:49,601 - INFO - Iter: 29000; ema_loss: 0.127242
2026-06-16 09:19:50,053 - INFO - Iter: 29100; ema_loss: 0.126114
2026-06-16 09:19:50,503 - INFO - Iter: 29200; ema_loss: 0.125027
2026-06-16 09:19:50,953 - INFO - Iter: 29300; ema_loss: 0.126357
2026-06-16 09:19:51,402 - INFO - Iter: 29400; ema_loss: 0.124648
2026-06-16 09:19:51,851 - INFO - Iter: 29500; ema_loss: 0.124791
2026-06-16 09:19:52,296 - INFO - Iter: 29600; ema_loss: 0.120960
2026-06-16 09:19:52,744 - INFO - Iter: 29700; ema_loss: 0.127315
2026-06-16 09:19:53,192 - INFO - Iter: 29800; ema_loss: 0.131505
2026-06-16 09:19:53,639 - INFO - Iter: 29900; ema_loss: 0.125537
2026-06-16 09:19:54,089 - INFO - Iter: 30000; ema_loss: 0.120598
2026-06-16 09:19:55,728 - INFO - 1-chain val AUC: 0.977641 val perc 97.955453; iteration: 30000
2026-06-16 09:19:56,456 - INFO - 2-inter val AUC: 0.717972 val perc 73.114754; iteration: 30000
2026-06-16 09:19:57,179 - INFO - Hard-2-inter val AUC: 0.484504 val perc 49.961507; iteration: 30000
2026-06-16 09:19:57,743 - INFO - 2-chain val AUC: 0.910500 val perc 88.988636; iteration: 30000
2026-06-16 09:19:58,658 - INFO - 3-chain val AUC: 0.856698 val perc 85.960396; iteration: 30000
2026-06-16 09:19:59,748 - INFO - 3-chain_inter val AUC: 0.519241 val perc 48.131313; iteration: 30000
2026-06-16 09:20:00,830 - INFO - Hard-3-chain_inter val AUC: 0.566253 val perc 58.940586; iteration: 30000
2026-06-16 09:20:01,924 - INFO - 3-inter_chain val AUC: 0.689007 val perc 64.638298; iteration: 30000
2026-06-16 09:20:03,010 - INFO - Hard-3-inter_chain val AUC: 0.526137 val perc 48.103602; iteration: 30000
2026-06-16 09:20:04,202 - INFO - 3-inter val AUC: 0.719939 val perc 71.778947; iteration: 30000
2026-06-16 09:20:05,399 - INFO - Hard-3-inter val AUC: 0.476485 val perc 47.038699; iteration: 30000
2026-06-16 09:20:05,402 - INFO - Edge converged at iteration 30000
2026-06-16 09:20:05,402 - INFO - Testing at edge conv...
2026-06-16 09:20:19,011 - INFO - 1-chain val AUC: 0.977485 val perc 97.968180; iteration: 30001
2026-06-16 09:20:20,968 - INFO - 2-inter val AUC: 0.718492 val perc 71.080597; iteration: 30001
2026-06-16 09:20:22,895 - INFO - Hard-2-inter val AUC: 0.489526 val perc 47.761392; iteration: 30001
2026-06-16 09:20:24,455 - INFO - 2-chain val AUC: 0.922643 val perc 91.808402; iteration: 30001
2026-06-16 09:20:30,477 - INFO - 3-chain val AUC: 0.855832 val perc 86.978370; iteration: 30001
2026-06-16 09:20:38,267 - INFO - 3-chain_inter val AUC: 0.531786 val perc 55.985134; iteration: 30001
2026-06-16 09:20:46,103 - INFO - Hard-3-chain_inter val AUC: 0.561609 val perc 62.719501; iteration: 30001
2026-06-16 09:20:53,366 - INFO - 3-inter_chain val AUC: 0.688597 val perc 68.263874; iteration: 30001
2026-06-16 09:21:00,574 - INFO - Hard-3-inter_chain val AUC: 0.513632 val perc 53.105582; iteration: 30001
2026-06-16 09:21:08,707 - INFO - 3-inter val AUC: 0.716754 val perc 72.409369; iteration: 30001
2026-06-16 09:21:16,792 - INFO - Hard-3-inter val AUC: 0.475514 val perc 47.691238; iteration: 30001
2026-06-16 09:21:30,282 - INFO - 1-chain val AUC: 0.977485 val perc 97.968180; iteration: 30001
2026-06-16 09:21:32,259 - INFO - 2-inter val AUC: 0.718492 val perc 71.080597; iteration: 30001
2026-06-16 09:21:34,209 - INFO - Hard-2-inter val AUC: 0.489526 val perc 47.761392; iteration: 30001
2026-06-16 09:21:35,773 - INFO - 2-chain val AUC: 0.922643 val perc 91.808402; iteration: 30001
2026-06-16 09:21:41,790 - INFO - 3-chain val AUC: 0.855832 val perc 86.978370; iteration: 30001
2026-06-16 09:21:49,572 - INFO - 3-chain_inter val AUC: 0.531786 val perc 55.985134; iteration: 30001
2026-06-16 09:21:57,308 - INFO - Hard-3-chain_inter val AUC: 0.561609 val perc 62.719501; iteration: 30001
2026-06-16 09:22:04,520 - INFO - 3-inter_chain val AUC: 0.688597 val perc 68.263874; iteration: 30001
2026-06-16 09:22:11,756 - INFO - Hard-3-inter_chain val AUC: 0.513632 val perc 53.105582; iteration: 30001
2026-06-16 09:22:22,299 - INFO - 3-inter val AUC: 0.716754 val perc 72.409369; iteration: 30001
2026-06-16 09:22:30,425 - INFO - Hard-3-inter val AUC: 0.475514 val perc 47.691238; iteration: 30001
2026-06-16 09:22:30,426 - INFO - Test macro-averaged val: 0.677443
2026-06-16 09:22:30,426 - INFO - Improvement from edge conv: 0.000000
