2026-06-15 22:25:22,584 - INFO - Iter: 0; ema_loss: 0.021409
2026-06-15 22:25:23,090 - INFO - Iter: 100; ema_loss: 0.092782
2026-06-15 22:25:23,511 - INFO - Iter: 200; ema_loss: 0.098475
2026-06-15 22:25:23,997 - INFO - Iter: 300; ema_loss: 0.116499
2026-06-15 22:25:24,501 - INFO - Iter: 400; ema_loss: 0.115632
2026-06-15 22:25:25,018 - INFO - Iter: 500; ema_loss: 0.114293
2026-06-15 22:25:25,538 - INFO - Iter: 600; ema_loss: 0.117099
2026-06-15 22:25:26,055 - INFO - Iter: 700; ema_loss: 0.116656
2026-06-15 22:25:26,577 - INFO - Iter: 800; ema_loss: 0.116088
2026-06-15 22:25:27,095 - INFO - Iter: 900; ema_loss: 0.108182
2026-06-15 22:25:27,603 - INFO - Iter: 1000; ema_loss: 0.112923
2026-06-15 22:25:28,095 - INFO - Iter: 1100; ema_loss: 0.106326
2026-06-15 22:25:28,587 - INFO - Iter: 1200; ema_loss: 0.107493
2026-06-15 22:25:29,079 - INFO - Iter: 1300; ema_loss: 0.112663
2026-06-15 22:25:29,570 - INFO - Iter: 1400; ema_loss: 0.113867
2026-06-15 22:25:30,060 - INFO - Iter: 1500; ema_loss: 0.111417
2026-06-15 22:25:30,543 - INFO - Iter: 1600; ema_loss: 0.113998
2026-06-15 22:25:31,029 - INFO - Iter: 1700; ema_loss: 0.125050
2026-06-15 22:25:31,520 - INFO - Iter: 1800; ema_loss: 0.112605
2026-06-15 22:25:32,025 - INFO - Iter: 1900; ema_loss: 0.122436
2026-06-15 22:25:32,533 - INFO - Iter: 2000; ema_loss: 0.116089
2026-06-15 22:25:33,039 - INFO - Iter: 2100; ema_loss: 0.126404
2026-06-15 22:25:33,544 - INFO - Iter: 2200; ema_loss: 0.129406
2026-06-15 22:25:34,028 - INFO - Iter: 2300; ema_loss: 0.115674
2026-06-15 22:25:34,507 - INFO - Iter: 2400; ema_loss: 0.122146
2026-06-15 22:25:34,993 - INFO - Iter: 2500; ema_loss: 0.120997
2026-06-15 22:25:35,488 - INFO - Iter: 2600; ema_loss: 0.113986
2026-06-15 22:25:35,965 - INFO - Iter: 2700; ema_loss: 0.119215
2026-06-15 22:25:36,443 - INFO - Iter: 2800; ema_loss: 0.112924
2026-06-15 22:25:36,921 - INFO - Iter: 2900; ema_loss: 0.108522
2026-06-15 22:25:37,401 - INFO - Iter: 3000; ema_loss: 0.113248
2026-06-15 22:25:37,879 - INFO - Iter: 3100; ema_loss: 0.108083
2026-06-15 22:25:38,359 - INFO - Iter: 3200; ema_loss: 0.118396
2026-06-15 22:25:38,837 - INFO - Iter: 3300; ema_loss: 0.114688
2026-06-15 22:25:39,317 - INFO - Iter: 3400; ema_loss: 0.103865
2026-06-15 22:25:39,796 - INFO - Iter: 3500; ema_loss: 0.111684
2026-06-15 22:25:40,270 - INFO - Iter: 3600; ema_loss: 0.107219
2026-06-15 22:25:40,750 - INFO - Iter: 3700; ema_loss: 0.117507
2026-06-15 22:25:41,227 - INFO - Iter: 3800; ema_loss: 0.121671
2026-06-15 22:25:41,708 - INFO - Iter: 3900; ema_loss: 0.115544
2026-06-15 22:25:42,189 - INFO - Iter: 4000; ema_loss: 0.118723
2026-06-15 22:25:42,669 - INFO - Iter: 4100; ema_loss: 0.120182
2026-06-15 22:25:43,148 - INFO - Iter: 4200; ema_loss: 0.112011
2026-06-15 22:25:43,617 - INFO - Iter: 4300; ema_loss: 0.120816
2026-06-15 22:25:44,057 - INFO - Iter: 4400; ema_loss: 0.114768
2026-06-15 22:25:44,536 - INFO - Iter: 4500; ema_loss: 0.113359
2026-06-15 22:25:45,014 - INFO - Iter: 4600; ema_loss: 0.118688
2026-06-15 22:25:45,493 - INFO - Iter: 4700; ema_loss: 0.120412
2026-06-15 22:25:45,971 - INFO - Iter: 4800; ema_loss: 0.121269
2026-06-15 22:25:46,448 - INFO - Iter: 4900; ema_loss: 0.120071
2026-06-15 22:25:46,927 - INFO - Iter: 5000; ema_loss: 0.117023
2026-06-15 22:25:48,424 - INFO - 1-chain val AUC: 0.978320 val perc 98.022030; iteration: 5000
2026-06-15 22:25:49,265 - INFO - 2-inter val AUC: 0.743219 val perc 70.237705; iteration: 5000
2026-06-15 22:25:50,093 - INFO - Hard-2-inter val AUC: 0.479492 val perc 49.646469; iteration: 5000
2026-06-15 22:25:50,727 - INFO - 2-chain val AUC: 0.898887 val perc 91.568182; iteration: 5000
2026-06-15 22:25:51,748 - INFO - 3-chain val AUC: 0.844249 val perc 85.405941; iteration: 5000
2026-06-15 22:25:52,993 - INFO - 3-chain_inter val AUC: 0.552470 val perc 57.353535; iteration: 5000
2026-06-15 22:25:54,231 - INFO - Hard-3-chain_inter val AUC: 0.557337 val perc 60.382916; iteration: 5000
2026-06-15 22:25:55,475 - INFO - 3-inter_chain val AUC: 0.677532 val perc 69.531915; iteration: 5000
2026-06-15 22:25:56,714 - INFO - Hard-3-inter_chain val AUC: 0.531316 val perc 51.417744; iteration: 5000
2026-06-15 22:25:58,083 - INFO - 3-inter val AUC: 0.733250 val perc 73.715789; iteration: 5000
2026-06-15 22:25:59,449 - INFO - Hard-3-inter val AUC: 0.473950 val perc 47.240575; iteration: 5000
2026-06-15 22:25:59,930 - INFO - Iter: 5100; ema_loss: 0.108940
2026-06-15 22:26:00,412 - INFO - Iter: 5200; ema_loss: 0.113237
2026-06-15 22:26:00,894 - INFO - Iter: 5300; ema_loss: 0.118776
2026-06-15 22:26:01,377 - INFO - Iter: 5400; ema_loss: 0.120013
2026-06-15 22:26:01,862 - INFO - Iter: 5500; ema_loss: 0.109935
2026-06-15 22:26:02,309 - INFO - Iter: 5600; ema_loss: 0.108027
2026-06-15 22:26:02,786 - INFO - Iter: 5700; ema_loss: 0.118253
2026-06-15 22:26:03,264 - INFO - Iter: 5800; ema_loss: 0.116605
2026-06-15 22:26:03,714 - INFO - Iter: 5900; ema_loss: 0.112573
2026-06-15 22:26:04,192 - INFO - Iter: 6000; ema_loss: 0.104300
2026-06-15 22:26:04,670 - INFO - Iter: 6100; ema_loss: 0.112814
2026-06-15 22:26:05,141 - INFO - Iter: 6200; ema_loss: 0.112839
2026-06-15 22:26:05,619 - INFO - Iter: 6300; ema_loss: 0.115789
2026-06-15 22:26:06,099 - INFO - Iter: 6400; ema_loss: 0.107462
2026-06-15 22:26:06,578 - INFO - Iter: 6500; ema_loss: 0.112821
2026-06-15 22:26:07,057 - INFO - Iter: 6600; ema_loss: 0.115178
2026-06-15 22:26:07,535 - INFO - Iter: 6700; ema_loss: 0.108539
2026-06-15 22:26:08,013 - INFO - Iter: 6800; ema_loss: 0.110677
2026-06-15 22:26:08,492 - INFO - Iter: 6900; ema_loss: 0.118116
2026-06-15 22:26:08,968 - INFO - Iter: 7000; ema_loss: 0.126714
2026-06-15 22:26:09,416 - INFO - Iter: 7100; ema_loss: 0.112281
2026-06-15 22:26:09,899 - INFO - Iter: 7200; ema_loss: 0.115176
2026-06-15 22:26:10,378 - INFO - Iter: 7300; ema_loss: 0.118609
2026-06-15 22:26:10,856 - INFO - Iter: 7400; ema_loss: 0.113165
2026-06-15 22:26:11,336 - INFO - Iter: 7500; ema_loss: 0.112831
2026-06-15 22:26:11,813 - INFO - Iter: 7600; ema_loss: 0.114812
2026-06-15 22:26:12,291 - INFO - Iter: 7700; ema_loss: 0.111989
2026-06-15 22:26:12,768 - INFO - Iter: 7800; ema_loss: 0.104608
2026-06-15 22:26:13,247 - INFO - Iter: 7900; ema_loss: 0.105917
2026-06-15 22:26:13,726 - INFO - Iter: 8000; ema_loss: 0.111698
2026-06-15 22:26:14,203 - INFO - Iter: 8100; ema_loss: 0.118115
2026-06-15 22:26:14,678 - INFO - Iter: 8200; ema_loss: 0.115382
2026-06-15 22:26:15,156 - INFO - Iter: 8300; ema_loss: 0.121579
2026-06-15 22:26:15,633 - INFO - Iter: 8400; ema_loss: 0.113735
2026-06-15 22:26:16,113 - INFO - Iter: 8500; ema_loss: 0.114200
2026-06-15 22:26:16,592 - INFO - Iter: 8600; ema_loss: 0.122726
2026-06-15 22:26:17,068 - INFO - Iter: 8700; ema_loss: 0.125117
2026-06-15 22:26:17,545 - INFO - Iter: 8800; ema_loss: 0.124993
2026-06-15 22:26:18,021 - INFO - Iter: 8900; ema_loss: 0.122674
2026-06-15 22:26:18,499 - INFO - Iter: 9000; ema_loss: 0.119566
2026-06-15 22:26:18,977 - INFO - Iter: 9100; ema_loss: 0.121805
2026-06-15 22:26:19,454 - INFO - Iter: 9200; ema_loss: 0.104630
2026-06-15 22:26:19,931 - INFO - Iter: 9300; ema_loss: 0.104485
2026-06-15 22:26:20,410 - INFO - Iter: 9400; ema_loss: 0.109590
2026-06-15 22:26:20,887 - INFO - Iter: 9500; ema_loss: 0.116669
2026-06-15 22:26:21,334 - INFO - Iter: 9600; ema_loss: 0.115104
2026-06-15 22:26:21,811 - INFO - Iter: 9700; ema_loss: 0.117511
2026-06-15 22:26:22,288 - INFO - Iter: 9800; ema_loss: 0.125174
2026-06-15 22:26:22,766 - INFO - Iter: 9900; ema_loss: 0.129812
2026-06-15 22:26:23,243 - INFO - Iter: 10000; ema_loss: 0.119888
2026-06-15 22:26:24,705 - INFO - 1-chain val AUC: 0.978602 val perc 97.993062; iteration: 10000
2026-06-15 22:26:25,525 - INFO - 2-inter val AUC: 0.733173 val perc 72.065574; iteration: 10000
2026-06-15 22:26:26,342 - INFO - Hard-2-inter val AUC: 0.486235 val perc 49.794947; iteration: 10000
2026-06-15 22:26:26,967 - INFO - 2-chain val AUC: 0.897567 val perc 92.988636; iteration: 10000
2026-06-15 22:26:27,980 - INFO - 3-chain val AUC: 0.824617 val perc 82.752475; iteration: 10000
2026-06-15 22:26:29,210 - INFO - 3-chain_inter val AUC: 0.554465 val perc 61.010101; iteration: 10000
2026-06-15 22:26:30,437 - INFO - Hard-3-chain_inter val AUC: 0.558359 val perc 59.216430; iteration: 10000
2026-06-15 22:26:31,677 - INFO - 3-inter_chain val AUC: 0.687618 val perc 66.734043; iteration: 10000
2026-06-15 22:26:32,911 - INFO - Hard-3-inter_chain val AUC: 0.523154 val perc 49.503129; iteration: 10000
2026-06-15 22:26:34,272 - INFO - 3-inter val AUC: 0.729870 val perc 71.084211; iteration: 10000
2026-06-15 22:26:35,632 - INFO - Hard-3-inter val AUC: 0.470982 val perc 46.525204; iteration: 10000
2026-06-15 22:26:36,115 - INFO - Iter: 10100; ema_loss: 0.112557
2026-06-15 22:26:36,596 - INFO - Iter: 10200; ema_loss: 0.114912
2026-06-15 22:26:37,075 - INFO - Iter: 10300; ema_loss: 0.106524
2026-06-15 22:26:37,559 - INFO - Iter: 10400; ema_loss: 0.107620
2026-06-15 22:26:38,039 - INFO - Iter: 10500; ema_loss: 0.112952
2026-06-15 22:26:38,519 - INFO - Iter: 10600; ema_loss: 0.112336
2026-06-15 22:26:38,999 - INFO - Iter: 10700; ema_loss: 0.119172
2026-06-15 22:26:39,480 - INFO - Iter: 10800; ema_loss: 0.122825
2026-06-15 22:26:39,961 - INFO - Iter: 10900; ema_loss: 0.112523
2026-06-15 22:26:40,441 - INFO - Iter: 11000; ema_loss: 0.113918
2026-06-15 22:26:40,920 - INFO - Iter: 11100; ema_loss: 0.112996
2026-06-15 22:26:41,401 - INFO - Iter: 11200; ema_loss: 0.120634
2026-06-15 22:26:41,881 - INFO - Iter: 11300; ema_loss: 0.117920
2026-06-15 22:26:42,360 - INFO - Iter: 11400; ema_loss: 0.116985
2026-06-15 22:26:42,840 - INFO - Iter: 11500; ema_loss: 0.120314
2026-06-15 22:26:43,320 - INFO - Iter: 11600; ema_loss: 0.117155
2026-06-15 22:26:43,801 - INFO - Iter: 11700; ema_loss: 0.118688
2026-06-15 22:26:44,282 - INFO - Iter: 11800; ema_loss: 0.116783
2026-06-15 22:26:44,761 - INFO - Iter: 11900; ema_loss: 0.121387
2026-06-15 22:26:45,243 - INFO - Iter: 12000; ema_loss: 0.117996
2026-06-15 22:26:45,724 - INFO - Iter: 12100; ema_loss: 0.121363
2026-06-15 22:26:46,209 - INFO - Iter: 12200; ema_loss: 0.114655
2026-06-15 22:26:46,690 - INFO - Iter: 12300; ema_loss: 0.111125
2026-06-15 22:26:47,170 - INFO - Iter: 12400; ema_loss: 0.117937
2026-06-15 22:26:47,651 - INFO - Iter: 12500; ema_loss: 0.112391
2026-06-15 22:26:48,130 - INFO - Iter: 12600; ema_loss: 0.118196
2026-06-15 22:26:48,609 - INFO - Iter: 12700; ema_loss: 0.110947
2026-06-15 22:26:49,089 - INFO - Iter: 12800; ema_loss: 0.117226
2026-06-15 22:26:49,570 - INFO - Iter: 12900; ema_loss: 0.115423
2026-06-15 22:26:50,048 - INFO - Iter: 13000; ema_loss: 0.119105
2026-06-15 22:26:50,529 - INFO - Iter: 13100; ema_loss: 0.125392
2026-06-15 22:26:51,010 - INFO - Iter: 13200; ema_loss: 0.121699
2026-06-15 22:26:51,491 - INFO - Iter: 13300; ema_loss: 0.122993
2026-06-15 22:26:51,970 - INFO - Iter: 13400; ema_loss: 0.121351
2026-06-15 22:26:52,449 - INFO - Iter: 13500; ema_loss: 0.120035
2026-06-15 22:26:52,929 - INFO - Iter: 13600; ema_loss: 0.116392
2026-06-15 22:26:53,409 - INFO - Iter: 13700; ema_loss: 0.128733
2026-06-15 22:26:53,892 - INFO - Iter: 13800; ema_loss: 0.116125
2026-06-15 22:26:54,374 - INFO - Iter: 13900; ema_loss: 0.119542
2026-06-15 22:26:54,856 - INFO - Iter: 14000; ema_loss: 0.127006
2026-06-15 22:26:55,342 - INFO - Iter: 14100; ema_loss: 0.126275
2026-06-15 22:26:55,824 - INFO - Iter: 14200; ema_loss: 0.120124
2026-06-15 22:26:56,307 - INFO - Iter: 14300; ema_loss: 0.112963
2026-06-15 22:26:56,775 - INFO - Iter: 14400; ema_loss: 0.127166
2026-06-15 22:26:57,243 - INFO - Iter: 14500; ema_loss: 0.120403
2026-06-15 22:26:57,714 - INFO - Iter: 14600; ema_loss: 0.123953
2026-06-15 22:26:58,196 - INFO - Iter: 14700; ema_loss: 0.115880
2026-06-15 22:26:58,676 - INFO - Iter: 14800; ema_loss: 0.114328
2026-06-15 22:26:59,153 - INFO - Iter: 14900; ema_loss: 0.113769
2026-06-15 22:26:59,635 - INFO - Iter: 15000; ema_loss: 0.129378
2026-06-15 22:27:01,105 - INFO - 1-chain val AUC: 0.978522 val perc 98.020691; iteration: 15000
2026-06-15 22:27:01,932 - INFO - 2-inter val AUC: 0.722912 val perc 68.729508; iteration: 15000
2026-06-15 22:27:02,756 - INFO - Hard-2-inter val AUC: 0.483824 val perc 50.497342; iteration: 15000
2026-06-15 22:27:03,388 - INFO - 2-chain val AUC: 0.922553 val perc 93.238636; iteration: 15000
2026-06-15 22:27:04,411 - INFO - 3-chain val AUC: 0.877881 val perc 86.485149; iteration: 15000
2026-06-15 22:27:05,652 - INFO - 3-chain_inter val AUC: 0.566556 val perc 52.878788; iteration: 15000
2026-06-15 22:27:06,890 - INFO - Hard-3-chain_inter val AUC: 0.562249 val perc 53.127522; iteration: 15000
2026-06-15 22:27:08,137 - INFO - 3-inter_chain val AUC: 0.687678 val perc 67.787234; iteration: 15000
2026-06-15 22:27:09,379 - INFO - Hard-3-inter_chain val AUC: 0.523080 val perc 51.751912; iteration: 15000
2026-06-15 22:27:10,750 - INFO - 3-inter val AUC: 0.720171 val perc 70.978947; iteration: 15000
2026-06-15 22:27:12,112 - INFO - Hard-3-inter val AUC: 0.463867 val perc 46.957289; iteration: 15000
2026-06-15 22:27:12,599 - INFO - Iter: 15100; ema_loss: 0.114602
2026-06-15 22:27:13,060 - INFO - Iter: 15200; ema_loss: 0.109230
2026-06-15 22:27:13,536 - INFO - Iter: 15300; ema_loss: 0.111240
2026-06-15 22:27:14,003 - INFO - Iter: 15400; ema_loss: 0.106465
2026-06-15 22:27:14,487 - INFO - Iter: 15500; ema_loss: 0.127316
2026-06-15 22:27:14,969 - INFO - Iter: 15600; ema_loss: 0.122366
2026-06-15 22:27:15,455 - INFO - Iter: 15700; ema_loss: 0.110950
2026-06-15 22:27:15,937 - INFO - Iter: 15800; ema_loss: 0.121362
2026-06-15 22:27:16,424 - INFO - Iter: 15900; ema_loss: 0.116210
2026-06-15 22:27:16,912 - INFO - Iter: 16000; ema_loss: 0.115485
2026-06-15 22:27:17,397 - INFO - Iter: 16100; ema_loss: 0.117178
2026-06-15 22:27:17,881 - INFO - Iter: 16200; ema_loss: 0.116291
2026-06-15 22:27:18,366 - INFO - Iter: 16300; ema_loss: 0.118289
2026-06-15 22:27:18,858 - INFO - Iter: 16400; ema_loss: 0.110341
2026-06-15 22:27:19,339 - INFO - Iter: 16500; ema_loss: 0.116267
2026-06-15 22:27:19,823 - INFO - Iter: 16600; ema_loss: 0.124646
2026-06-15 22:27:20,311 - INFO - Iter: 16700; ema_loss: 0.121499
2026-06-15 22:27:20,800 - INFO - Iter: 16800; ema_loss: 0.116302
2026-06-15 22:27:21,281 - INFO - Iter: 16900; ema_loss: 0.120346
2026-06-15 22:27:21,767 - INFO - Iter: 17000; ema_loss: 0.117819
2026-06-15 22:27:22,231 - INFO - Iter: 17100; ema_loss: 0.108999
2026-06-15 22:27:22,716 - INFO - Iter: 17200; ema_loss: 0.107240
2026-06-15 22:27:23,199 - INFO - Iter: 17300; ema_loss: 0.114670
2026-06-15 22:27:23,680 - INFO - Iter: 17400; ema_loss: 0.118398
2026-06-15 22:27:24,163 - INFO - Iter: 17500; ema_loss: 0.123836
2026-06-15 22:27:24,642 - INFO - Iter: 17600; ema_loss: 0.119034
2026-06-15 22:27:25,092 - INFO - Iter: 17700; ema_loss: 0.109263
2026-06-15 22:27:25,578 - INFO - Iter: 17800; ema_loss: 0.107040
2026-06-15 22:27:26,060 - INFO - Iter: 17900; ema_loss: 0.120825
2026-06-15 22:27:26,558 - INFO - Iter: 18000; ema_loss: 0.115017
2026-06-15 22:27:27,039 - INFO - Iter: 18100; ema_loss: 0.108539
2026-06-15 22:27:27,527 - INFO - Iter: 18200; ema_loss: 0.109501
2026-06-15 22:27:28,012 - INFO - Iter: 18300; ema_loss: 0.116357
2026-06-15 22:27:28,485 - INFO - Iter: 18400; ema_loss: 0.112145
2026-06-15 22:27:28,894 - INFO - Iter: 18500; ema_loss: 0.102664
2026-06-15 22:27:29,348 - INFO - Iter: 18600; ema_loss: 0.117952
2026-06-15 22:27:29,845 - INFO - Iter: 18700; ema_loss: 0.112876
2026-06-15 22:27:30,332 - INFO - Iter: 18800; ema_loss: 0.108130
2026-06-15 22:27:30,824 - INFO - Iter: 18900; ema_loss: 0.111337
2026-06-15 22:27:31,321 - INFO - Iter: 19000; ema_loss: 0.103060
2026-06-15 22:27:31,806 - INFO - Iter: 19100; ema_loss: 0.104213
2026-06-15 22:27:32,292 - INFO - Iter: 19200; ema_loss: 0.113755
2026-06-15 22:27:32,778 - INFO - Iter: 19300; ema_loss: 0.122612
2026-06-15 22:27:33,276 - INFO - Iter: 19400; ema_loss: 0.119053
2026-06-15 22:27:33,764 - INFO - Iter: 19500; ema_loss: 0.111111
2026-06-15 22:27:34,266 - INFO - Iter: 19600; ema_loss: 0.110784
2026-06-15 22:27:34,761 - INFO - Iter: 19700; ema_loss: 0.112357
2026-06-15 22:27:35,219 - INFO - Iter: 19800; ema_loss: 0.111566
2026-06-15 22:27:35,705 - INFO - Iter: 19900; ema_loss: 0.114189
2026-06-15 22:27:36,194 - INFO - Iter: 20000; ema_loss: 0.117232
2026-06-15 22:27:37,687 - INFO - 1-chain val AUC: 0.978200 val perc 97.979065; iteration: 20000
2026-06-15 22:27:38,518 - INFO - 2-inter val AUC: 0.731624 val perc 68.950820; iteration: 20000
2026-06-15 22:27:39,344 - INFO - Hard-2-inter val AUC: 0.490178 val perc 47.649263; iteration: 20000
2026-06-15 22:27:39,977 - INFO - 2-chain val AUC: 0.918474 val perc 94.261364; iteration: 20000
2026-06-15 22:27:41,006 - INFO - 3-chain val AUC: 0.867411 val perc 84.168317; iteration: 20000
2026-06-15 22:27:42,255 - INFO - 3-chain_inter val AUC: 0.558832 val perc 54.727273; iteration: 20000
2026-06-15 22:27:43,491 - INFO - Hard-3-chain_inter val AUC: 0.558198 val perc 52.543492; iteration: 20000
2026-06-15 22:27:44,746 - INFO - 3-inter_chain val AUC: 0.688637 val perc 66.255319; iteration: 20000
2026-06-15 22:27:46,000 - INFO - Hard-3-inter_chain val AUC: 0.526396 val perc 50.201293; iteration: 20000
2026-06-15 22:27:47,382 - INFO - 3-inter val AUC: 0.729169 val perc 72.873684; iteration: 20000
2026-06-15 22:27:48,755 - INFO - Hard-3-inter val AUC: 0.460958 val perc 48.696113; iteration: 20000
2026-06-15 22:27:48,758 - INFO - Edge converged at iteration 20000
2026-06-15 22:27:48,758 - INFO - Testing at edge conv...
2026-06-15 22:28:01,029 - INFO - 1-chain val AUC: 0.978045 val perc 98.003386; iteration: 20001
2026-06-15 22:28:03,211 - INFO - 2-inter val AUC: 0.724943 val perc 71.315423; iteration: 20001
2026-06-15 22:28:05,366 - INFO - Hard-2-inter val AUC: 0.487216 val perc 47.493087; iteration: 20001
2026-06-15 22:28:07,086 - INFO - 2-chain val AUC: 0.930912 val perc 93.589139; iteration: 20001
2026-06-15 22:28:13,925 - INFO - 3-chain val AUC: 0.862799 val perc 85.951710; iteration: 20001
2026-06-15 22:28:22,827 - INFO - 3-chain_inter val AUC: 0.578904 val perc 59.245788; iteration: 20001
2026-06-15 22:28:31,631 - INFO - Hard-3-chain_inter val AUC: 0.561665 val perc 61.639393; iteration: 20001
2026-06-15 22:28:39,817 - INFO - 3-inter_chain val AUC: 0.696249 val perc 69.106806; iteration: 20001
2026-06-15 22:28:47,980 - INFO - Hard-3-inter_chain val AUC: 0.519014 val perc 52.301022; iteration: 20001
2026-06-15 22:28:57,322 - INFO - 3-inter val AUC: 0.725541 val perc 72.683299; iteration: 20001
2026-06-15 22:29:06,794 - INFO - Hard-3-inter val AUC: 0.474492 val perc 46.500069; iteration: 20001
2026-06-15 22:29:19,051 - INFO - 1-chain val AUC: 0.978045 val perc 98.003386; iteration: 20001
2026-06-15 22:29:21,303 - INFO - 2-inter val AUC: 0.724943 val perc 71.315423; iteration: 20001
2026-06-15 22:29:23,491 - INFO - Hard-2-inter val AUC: 0.487216 val perc 47.493087; iteration: 20001
2026-06-15 22:29:25,227 - INFO - 2-chain val AUC: 0.930912 val perc 93.589139; iteration: 20001
2026-06-15 22:29:32,049 - INFO - 3-chain val AUC: 0.862799 val perc 85.951710; iteration: 20001
2026-06-15 22:29:40,938 - INFO - 3-chain_inter val AUC: 0.578904 val perc 59.245788; iteration: 20001
2026-06-15 22:29:49,826 - INFO - Hard-3-chain_inter val AUC: 0.561665 val perc 61.639393; iteration: 20001
2026-06-15 22:29:58,049 - INFO - 3-inter_chain val AUC: 0.696249 val perc 69.106806; iteration: 20001
2026-06-15 22:30:06,249 - INFO - Hard-3-inter_chain val AUC: 0.519014 val perc 52.301022; iteration: 20001
2026-06-15 22:30:15,668 - INFO - 3-inter val AUC: 0.725541 val perc 72.683299; iteration: 20001
2026-06-15 22:30:25,012 - INFO - Hard-3-inter val AUC: 0.474492 val perc 46.500069; iteration: 20001
2026-06-15 22:30:25,013 - INFO - Test macro-averaged val: 0.685435
2026-06-15 22:30:25,013 - INFO - Improvement from edge conv: 0.000000
