2026-06-15 21:27:10,811 - INFO - Iter: 0; ema_loss: 0.251104
2026-06-15 21:27:11,303 - INFO - Iter: 100; ema_loss: 0.172411
2026-06-15 21:27:11,783 - INFO - Iter: 200; ema_loss: 0.133498
2026-06-15 21:27:12,265 - INFO - Iter: 300; ema_loss: 0.120596
2026-06-15 21:27:12,747 - INFO - Iter: 400; ema_loss: 0.112485
2026-06-15 21:27:13,229 - INFO - Iter: 500; ema_loss: 0.110425
2026-06-15 21:27:13,713 - INFO - Iter: 600; ema_loss: 0.112917
2026-06-15 21:27:14,195 - INFO - Iter: 700; ema_loss: 0.110547
2026-06-15 21:27:14,674 - INFO - Iter: 800; ema_loss: 0.109728
2026-06-15 21:27:15,152 - INFO - Iter: 900; ema_loss: 0.100669
2026-06-15 21:27:15,628 - INFO - Iter: 1000; ema_loss: 0.104548
2026-06-15 21:27:16,106 - INFO - Iter: 1100; ema_loss: 0.109827
2026-06-15 21:27:16,582 - INFO - Iter: 1200; ema_loss: 0.105776
2026-06-15 21:27:17,061 - INFO - Iter: 1300; ema_loss: 0.113623
2026-06-15 21:27:17,537 - INFO - Iter: 1400; ema_loss: 0.108588
2026-06-15 21:27:18,014 - INFO - Iter: 1500; ema_loss: 0.105406
2026-06-15 21:27:18,494 - INFO - Iter: 1600; ema_loss: 0.098265
2026-06-15 21:27:18,976 - INFO - Iter: 1700; ema_loss: 0.110554
2026-06-15 21:27:19,452 - INFO - Iter: 1800; ema_loss: 0.115547
2026-06-15 21:27:19,929 - INFO - Iter: 1900; ema_loss: 0.116297
2026-06-15 21:27:20,409 - INFO - Iter: 2000; ema_loss: 0.113343
2026-06-15 21:27:20,886 - INFO - Iter: 2100; ema_loss: 0.118739
2026-06-15 21:27:21,362 - INFO - Iter: 2200; ema_loss: 0.112938
2026-06-15 21:27:21,843 - INFO - Iter: 2300; ema_loss: 0.115124
2026-06-15 21:27:22,322 - INFO - Iter: 2400; ema_loss: 0.109731
2026-06-15 21:27:22,800 - INFO - Iter: 2500; ema_loss: 0.103377
2026-06-15 21:27:23,282 - INFO - Iter: 2600; ema_loss: 0.104204
2026-06-15 21:27:23,761 - INFO - Iter: 2700; ema_loss: 0.114409
2026-06-15 21:27:24,243 - INFO - Iter: 2800; ema_loss: 0.099907
2026-06-15 21:27:24,727 - INFO - Iter: 2900; ema_loss: 0.104893
2026-06-15 21:27:25,205 - INFO - Iter: 3000; ema_loss: 0.114614
2026-06-15 21:27:25,685 - INFO - Iter: 3100; ema_loss: 0.110584
2026-06-15 21:27:26,167 - INFO - Iter: 3200; ema_loss: 0.106697
2026-06-15 21:27:26,653 - INFO - Iter: 3300; ema_loss: 0.110824
2026-06-15 21:27:27,133 - INFO - Iter: 3400; ema_loss: 0.112306
2026-06-15 21:27:27,613 - INFO - Iter: 3500; ema_loss: 0.115956
2026-06-15 21:27:28,092 - INFO - Iter: 3600; ema_loss: 0.109616
2026-06-15 21:27:28,574 - INFO - Iter: 3700; ema_loss: 0.110142
2026-06-15 21:27:29,053 - INFO - Iter: 3800; ema_loss: 0.103763
2026-06-15 21:27:29,532 - INFO - Iter: 3900; ema_loss: 0.103217
2026-06-15 21:27:30,013 - INFO - Iter: 4000; ema_loss: 0.116509
2026-06-15 21:27:30,497 - INFO - Iter: 4100; ema_loss: 0.116503
2026-06-15 21:27:30,975 - INFO - Iter: 4200; ema_loss: 0.113947
2026-06-15 21:27:31,456 - INFO - Iter: 4300; ema_loss: 0.108816
2026-06-15 21:27:31,936 - INFO - Iter: 4400; ema_loss: 0.107835
2026-06-15 21:27:32,416 - INFO - Iter: 4500; ema_loss: 0.112461
2026-06-15 21:27:32,898 - INFO - Iter: 4600; ema_loss: 0.107940
2026-06-15 21:27:33,387 - INFO - Iter: 4700; ema_loss: 0.102107
2026-06-15 21:27:33,870 - INFO - Iter: 4800; ema_loss: 0.101476
2026-06-15 21:27:34,349 - INFO - Iter: 4900; ema_loss: 0.099687
2026-06-15 21:27:34,837 - INFO - Iter: 5000; ema_loss: 0.095700
2026-06-15 21:27:36,320 - INFO - 1-chain val AUC: 0.979870 val perc 98.142648; iteration: 5000
2026-06-15 21:27:37,166 - INFO - 2-inter val AUC: 0.753234 val perc 74.672131; iteration: 5000
2026-06-15 21:27:38,000 - INFO - Hard-2-inter val AUC: 0.489323 val perc 48.063443; iteration: 5000
2026-06-15 21:27:38,644 - INFO - 2-chain val AUC: 0.930754 val perc 94.352273; iteration: 5000
2026-06-15 21:27:39,679 - INFO - 3-chain val AUC: 0.874205 val perc 90.168317; iteration: 5000
2026-06-15 21:27:40,955 - INFO - 3-chain_inter val AUC: 0.642207 val perc 63.818182; iteration: 5000
2026-06-15 21:27:42,225 - INFO - Hard-3-chain_inter val AUC: 0.562789 val perc 58.432677; iteration: 5000
2026-06-15 21:27:43,507 - INFO - 3-inter_chain val AUC: 0.710950 val perc 71.244681; iteration: 5000
2026-06-15 21:27:44,785 - INFO - Hard-3-inter_chain val AUC: 0.521719 val perc 52.374387; iteration: 5000
2026-06-15 21:27:46,186 - INFO - 3-inter val AUC: 0.731820 val perc 75.210526; iteration: 5000
2026-06-15 21:27:47,592 - INFO - Hard-3-inter val AUC: 0.474454 val perc 48.386441; iteration: 5000
2026-06-15 21:27:48,078 - INFO - Iter: 5100; ema_loss: 0.105478
2026-06-15 21:27:48,562 - INFO - Iter: 5200; ema_loss: 0.110389
2026-06-15 21:27:49,042 - INFO - Iter: 5300; ema_loss: 0.120857
2026-06-15 21:27:49,529 - INFO - Iter: 5400; ema_loss: 0.119836
2026-06-15 21:27:49,951 - INFO - Iter: 5500; ema_loss: 0.108176
2026-06-15 21:27:50,433 - INFO - Iter: 5600; ema_loss: 0.124413
2026-06-15 21:27:50,918 - INFO - Iter: 5700; ema_loss: 0.121907
2026-06-15 21:27:51,401 - INFO - Iter: 5800; ema_loss: 0.110492
2026-06-15 21:27:51,883 - INFO - Iter: 5900; ema_loss: 0.107182
2026-06-15 21:27:52,358 - INFO - Iter: 6000; ema_loss: 0.111533
2026-06-15 21:27:52,843 - INFO - Iter: 6100; ema_loss: 0.108610
2026-06-15 21:27:53,324 - INFO - Iter: 6200; ema_loss: 0.118097
2026-06-15 21:27:53,808 - INFO - Iter: 6300; ema_loss: 0.109642
2026-06-15 21:27:54,295 - INFO - Iter: 6400; ema_loss: 0.109434
2026-06-15 21:27:54,778 - INFO - Iter: 6500; ema_loss: 0.105481
2026-06-15 21:27:55,265 - INFO - Iter: 6600; ema_loss: 0.104791
2026-06-15 21:27:55,747 - INFO - Iter: 6700; ema_loss: 0.109158
2026-06-15 21:27:56,225 - INFO - Iter: 6800; ema_loss: 0.106284
2026-06-15 21:27:56,706 - INFO - Iter: 6900; ema_loss: 0.116928
2026-06-15 21:27:57,189 - INFO - Iter: 7000; ema_loss: 0.113278
2026-06-15 21:27:57,665 - INFO - Iter: 7100; ema_loss: 0.114226
2026-06-15 21:27:58,145 - INFO - Iter: 7200; ema_loss: 0.111982
2026-06-15 21:27:58,624 - INFO - Iter: 7300; ema_loss: 0.109180
2026-06-15 21:27:59,106 - INFO - Iter: 7400; ema_loss: 0.100641
2026-06-15 21:27:59,590 - INFO - Iter: 7500; ema_loss: 0.107235
2026-06-15 21:28:00,068 - INFO - Iter: 7600; ema_loss: 0.107804
2026-06-15 21:28:00,538 - INFO - Iter: 7700; ema_loss: 0.106419
2026-06-15 21:28:01,013 - INFO - Iter: 7800; ema_loss: 0.109744
2026-06-15 21:28:01,496 - INFO - Iter: 7900; ema_loss: 0.105308
2026-06-15 21:28:01,979 - INFO - Iter: 8000; ema_loss: 0.110469
2026-06-15 21:28:02,459 - INFO - Iter: 8100; ema_loss: 0.108965
2026-06-15 21:28:02,937 - INFO - Iter: 8200; ema_loss: 0.107008
2026-06-15 21:28:03,416 - INFO - Iter: 8300; ema_loss: 0.105477
2026-06-15 21:28:03,896 - INFO - Iter: 8400; ema_loss: 0.106473
2026-06-15 21:28:04,378 - INFO - Iter: 8500; ema_loss: 0.105284
2026-06-15 21:28:04,860 - INFO - Iter: 8600; ema_loss: 0.106763
2026-06-15 21:28:05,344 - INFO - Iter: 8700; ema_loss: 0.111040
2026-06-15 21:28:05,824 - INFO - Iter: 8800; ema_loss: 0.110522
2026-06-15 21:28:06,300 - INFO - Iter: 8900; ema_loss: 0.102859
2026-06-15 21:28:06,774 - INFO - Iter: 9000; ema_loss: 0.112679
2026-06-15 21:28:07,252 - INFO - Iter: 9100; ema_loss: 0.113156
2026-06-15 21:28:07,737 - INFO - Iter: 9200; ema_loss: 0.109071
2026-06-15 21:28:08,221 - INFO - Iter: 9300; ema_loss: 0.110819
2026-06-15 21:28:08,704 - INFO - Iter: 9400; ema_loss: 0.109643
2026-06-15 21:28:09,189 - INFO - Iter: 9500; ema_loss: 0.103121
2026-06-15 21:28:09,683 - INFO - Iter: 9600; ema_loss: 0.108279
2026-06-15 21:28:10,165 - INFO - Iter: 9700; ema_loss: 0.105425
2026-06-15 21:28:10,650 - INFO - Iter: 9800; ema_loss: 0.102107
2026-06-15 21:28:11,125 - INFO - Iter: 9900; ema_loss: 0.112126
2026-06-15 21:28:11,616 - INFO - Iter: 10000; ema_loss: 0.109479
2026-06-15 21:28:13,110 - INFO - 1-chain val AUC: 0.979274 val perc 98.151047; iteration: 10000
2026-06-15 21:28:13,950 - INFO - 2-inter val AUC: 0.748774 val perc 74.155738; iteration: 10000
2026-06-15 21:28:14,780 - INFO - Hard-2-inter val AUC: 0.490347 val perc 48.370974; iteration: 10000
2026-06-15 21:28:15,417 - INFO - 2-chain val AUC: 0.925061 val perc 91.261364; iteration: 10000
2026-06-15 21:28:16,449 - INFO - 3-chain val AUC: 0.867037 val perc 87.792079; iteration: 10000
2026-06-15 21:28:17,706 - INFO - 3-chain_inter val AUC: 0.638133 val perc 63.818182; iteration: 10000
2026-06-15 21:28:18,958 - INFO - Hard-3-chain_inter val AUC: 0.561914 val perc 58.114653; iteration: 10000
2026-06-15 21:28:20,218 - INFO - 3-inter_chain val AUC: 0.706424 val perc 69.478723; iteration: 10000
2026-06-15 21:28:21,479 - INFO - Hard-3-inter_chain val AUC: 0.524850 val perc 52.961440; iteration: 10000
2026-06-15 21:28:22,867 - INFO - 3-inter val AUC: 0.729020 val perc 74.463158; iteration: 10000
2026-06-15 21:28:24,253 - INFO - Hard-3-inter val AUC: 0.466649 val perc 48.274104; iteration: 10000
2026-06-15 21:28:24,737 - INFO - Iter: 10100; ema_loss: 0.109350
2026-06-15 21:28:25,215 - INFO - Iter: 10200; ema_loss: 0.106180
2026-06-15 21:28:25,693 - INFO - Iter: 10300; ema_loss: 0.111101
2026-06-15 21:28:26,177 - INFO - Iter: 10400; ema_loss: 0.115044
2026-06-15 21:28:26,659 - INFO - Iter: 10500; ema_loss: 0.108658
2026-06-15 21:28:27,136 - INFO - Iter: 10600; ema_loss: 0.102395
2026-06-15 21:28:27,621 - INFO - Iter: 10700; ema_loss: 0.102574
2026-06-15 21:28:28,105 - INFO - Iter: 10800; ema_loss: 0.104605
2026-06-15 21:28:28,573 - INFO - Iter: 10900; ema_loss: 0.117643
2026-06-15 21:28:29,048 - INFO - Iter: 11000; ema_loss: 0.113364
2026-06-15 21:28:29,523 - INFO - Iter: 11100; ema_loss: 0.110005
2026-06-15 21:28:30,008 - INFO - Iter: 11200; ema_loss: 0.103552
2026-06-15 21:28:30,495 - INFO - Iter: 11300; ema_loss: 0.107461
2026-06-15 21:28:30,976 - INFO - Iter: 11400; ema_loss: 0.109770
2026-06-15 21:28:31,457 - INFO - Iter: 11500; ema_loss: 0.107672
2026-06-15 21:28:31,939 - INFO - Iter: 11600; ema_loss: 0.110320
2026-06-15 21:28:32,421 - INFO - Iter: 11700; ema_loss: 0.108975
2026-06-15 21:28:32,901 - INFO - Iter: 11800; ema_loss: 0.104020
2026-06-15 21:28:33,385 - INFO - Iter: 11900; ema_loss: 0.105682
2026-06-15 21:28:33,863 - INFO - Iter: 12000; ema_loss: 0.104110
2026-06-15 21:28:34,340 - INFO - Iter: 12100; ema_loss: 0.109331
2026-06-15 21:28:34,824 - INFO - Iter: 12200; ema_loss: 0.102869
2026-06-15 21:28:35,309 - INFO - Iter: 12300; ema_loss: 0.108614
2026-06-15 21:28:35,794 - INFO - Iter: 12400; ema_loss: 0.102965
2026-06-15 21:28:36,270 - INFO - Iter: 12500; ema_loss: 0.107580
2026-06-15 21:28:36,749 - INFO - Iter: 12600; ema_loss: 0.107354
2026-06-15 21:28:37,234 - INFO - Iter: 12700; ema_loss: 0.111977
2026-06-15 21:28:37,716 - INFO - Iter: 12800; ema_loss: 0.101178
2026-06-15 21:28:38,182 - INFO - Iter: 12900; ema_loss: 0.120204
2026-06-15 21:28:38,667 - INFO - Iter: 13000; ema_loss: 0.114111
2026-06-15 21:28:39,157 - INFO - Iter: 13100; ema_loss: 0.109367
2026-06-15 21:28:39,652 - INFO - Iter: 13200; ema_loss: 0.110599
2026-06-15 21:28:40,134 - INFO - Iter: 13300; ema_loss: 0.106198
2026-06-15 21:28:40,659 - INFO - Iter: 13400; ema_loss: 0.106622
2026-06-15 21:28:41,179 - INFO - Iter: 13500; ema_loss: 0.114743
2026-06-15 21:28:41,654 - INFO - Iter: 13600; ema_loss: 0.106843
2026-06-15 21:28:42,126 - INFO - Iter: 13700; ema_loss: 0.112824
2026-06-15 21:28:42,626 - INFO - Iter: 13800; ema_loss: 0.119023
2026-06-15 21:28:43,135 - INFO - Iter: 13900; ema_loss: 0.107785
2026-06-15 21:28:43,636 - INFO - Iter: 14000; ema_loss: 0.110876
2026-06-15 21:28:44,136 - INFO - Iter: 14100; ema_loss: 0.111486
2026-06-15 21:28:44,638 - INFO - Iter: 14200; ema_loss: 0.113880
2026-06-15 21:28:45,127 - INFO - Iter: 14300; ema_loss: 0.124101
2026-06-15 21:28:45,626 - INFO - Iter: 14400; ema_loss: 0.116659
2026-06-15 21:28:46,118 - INFO - Iter: 14500; ema_loss: 0.113514
2026-06-15 21:28:46,603 - INFO - Iter: 14600; ema_loss: 0.110698
2026-06-15 21:28:47,084 - INFO - Iter: 14700; ema_loss: 0.114200
2026-06-15 21:28:47,565 - INFO - Iter: 14800; ema_loss: 0.110749
2026-06-15 21:28:47,970 - INFO - Iter: 14900; ema_loss: 0.113307
2026-06-15 21:28:48,353 - INFO - Iter: 15000; ema_loss: 0.107124
2026-06-15 21:28:49,836 - INFO - 1-chain val AUC: 0.979448 val perc 98.151047; iteration: 15000
2026-06-15 21:28:50,690 - INFO - 2-inter val AUC: 0.754411 val perc 74.155738; iteration: 15000
2026-06-15 21:28:51,534 - INFO - Hard-2-inter val AUC: 0.490779 val perc 47.588585; iteration: 15000
2026-06-15 21:28:52,180 - INFO - 2-chain val AUC: 0.926801 val perc 92.386364; iteration: 15000
2026-06-15 21:28:53,227 - INFO - 3-chain val AUC: 0.874334 val perc 89.485149; iteration: 15000
2026-06-15 21:28:54,492 - INFO - 3-chain_inter val AUC: 0.629287 val perc 63.575758; iteration: 15000
2026-06-15 21:28:55,758 - INFO - Hard-3-chain_inter val AUC: 0.563437 val perc 57.173918; iteration: 15000
2026-06-15 21:28:57,036 - INFO - 3-inter_chain val AUC: 0.701368 val perc 71.031915; iteration: 15000
2026-06-15 21:28:58,306 - INFO - Hard-3-inter_chain val AUC: 0.521400 val perc 55.859845; iteration: 15000
2026-06-15 21:28:59,712 - INFO - 3-inter val AUC: 0.728804 val perc 75.305263; iteration: 15000
2026-06-15 21:29:01,120 - INFO - Hard-3-inter val AUC: 0.472352 val perc 50.536750; iteration: 15000
2026-06-15 21:29:01,510 - INFO - Iter: 15100; ema_loss: 0.111197
2026-06-15 21:29:01,898 - INFO - Iter: 15200; ema_loss: 0.102787
2026-06-15 21:29:02,342 - INFO - Iter: 15300; ema_loss: 0.107983
2026-06-15 21:29:02,845 - INFO - Iter: 15400; ema_loss: 0.105768
2026-06-15 21:29:03,328 - INFO - Iter: 15500; ema_loss: 0.120326
2026-06-15 21:29:03,796 - INFO - Iter: 15600; ema_loss: 0.112185
2026-06-15 21:29:04,266 - INFO - Iter: 15700; ema_loss: 0.113850
2026-06-15 21:29:04,731 - INFO - Iter: 15800; ema_loss: 0.115437
2026-06-15 21:29:05,148 - INFO - Iter: 15900; ema_loss: 0.110401
2026-06-15 21:29:05,537 - INFO - Iter: 16000; ema_loss: 0.108138
2026-06-15 21:29:05,925 - INFO - Iter: 16100; ema_loss: 0.104690
2026-06-15 21:29:06,315 - INFO - Iter: 16200; ema_loss: 0.105961
2026-06-15 21:29:08,749 - INFO - Iter: 16300; ema_loss: 0.109288
2026-06-15 21:29:09,280 - INFO - Iter: 16400; ema_loss: 0.110935
2026-06-15 21:29:09,767 - INFO - Iter: 16500; ema_loss: 0.115043
2026-06-15 21:29:10,249 - INFO - Iter: 16600; ema_loss: 0.110689
2026-06-15 21:29:10,737 - INFO - Iter: 16700; ema_loss: 0.111907
2026-06-15 21:29:11,225 - INFO - Iter: 16800; ema_loss: 0.109307
2026-06-15 21:29:11,712 - INFO - Iter: 16900; ema_loss: 0.104416
2026-06-15 21:29:12,203 - INFO - Iter: 17000; ema_loss: 0.111436
2026-06-15 21:29:12,687 - INFO - Iter: 17100; ema_loss: 0.108690
2026-06-15 21:29:13,176 - INFO - Iter: 17200; ema_loss: 0.095890
2026-06-15 21:29:13,665 - INFO - Iter: 17300; ema_loss: 0.097328
2026-06-15 21:29:14,155 - INFO - Iter: 17400; ema_loss: 0.104734
2026-06-15 21:29:14,644 - INFO - Iter: 17500; ema_loss: 0.113446
2026-06-15 21:29:15,114 - INFO - Iter: 17600; ema_loss: 0.106659
2026-06-15 21:29:15,587 - INFO - Iter: 17700; ema_loss: 0.097959
2026-06-15 21:29:16,066 - INFO - Iter: 17800; ema_loss: 0.102305
2026-06-15 21:29:16,550 - INFO - Iter: 17900; ema_loss: 0.107422
2026-06-15 21:29:17,033 - INFO - Iter: 18000; ema_loss: 0.109209
2026-06-15 21:29:17,509 - INFO - Iter: 18100; ema_loss: 0.111180
2026-06-15 21:29:17,955 - INFO - Iter: 18200; ema_loss: 0.105569
2026-06-15 21:29:18,418 - INFO - Iter: 18300; ema_loss: 0.095608
2026-06-15 21:29:18,811 - INFO - Iter: 18400; ema_loss: 0.101348
2026-06-15 21:29:19,292 - INFO - Iter: 18500; ema_loss: 0.105407
2026-06-15 21:29:19,774 - INFO - Iter: 18600; ema_loss: 0.115102
2026-06-15 21:29:20,257 - INFO - Iter: 18700; ema_loss: 0.117078
2026-06-15 21:29:20,742 - INFO - Iter: 18800; ema_loss: 0.114207
2026-06-15 21:29:21,227 - INFO - Iter: 18900; ema_loss: 0.116473
2026-06-15 21:29:21,711 - INFO - Iter: 19000; ema_loss: 0.108770
2026-06-15 21:29:22,138 - INFO - Iter: 19100; ema_loss: 0.103904
2026-06-15 21:29:22,539 - INFO - Iter: 19200; ema_loss: 0.106325
2026-06-15 21:29:23,025 - INFO - Iter: 19300; ema_loss: 0.100549
2026-06-15 21:29:23,532 - INFO - Iter: 19400; ema_loss: 0.108390
2026-06-15 21:29:24,027 - INFO - Iter: 19500; ema_loss: 0.109536
2026-06-15 21:29:24,514 - INFO - Iter: 19600; ema_loss: 0.108768
2026-06-15 21:29:25,004 - INFO - Iter: 19700; ema_loss: 0.097654
2026-06-15 21:29:25,492 - INFO - Iter: 19800; ema_loss: 0.106690
2026-06-15 21:29:25,980 - INFO - Iter: 19900; ema_loss: 0.106703
2026-06-15 21:29:26,468 - INFO - Iter: 20000; ema_loss: 0.113308
2026-06-15 21:29:27,952 - INFO - 1-chain val AUC: 0.979467 val perc 98.135102; iteration: 20000
2026-06-15 21:29:28,789 - INFO - 2-inter val AUC: 0.758445 val perc 72.573770; iteration: 20000
2026-06-15 21:29:29,622 - INFO - Hard-2-inter val AUC: 0.485273 val perc 45.632844; iteration: 20000
2026-06-15 21:29:30,260 - INFO - 2-chain val AUC: 0.930265 val perc 92.761364; iteration: 20000
2026-06-15 21:29:31,292 - INFO - 3-chain val AUC: 0.882363 val perc 89.613861; iteration: 20000
2026-06-15 21:29:32,547 - INFO - 3-chain_inter val AUC: 0.636479 val perc 62.717172; iteration: 20000
2026-06-15 21:29:33,795 - INFO - Hard-3-chain_inter val AUC: 0.567563 val perc 57.433984; iteration: 20000
2026-06-15 21:29:35,054 - INFO - 3-inter_chain val AUC: 0.703443 val perc 71.085106; iteration: 20000
2026-06-15 21:29:36,311 - INFO - Hard-3-inter_chain val AUC: 0.522938 val perc 55.380257; iteration: 20000
2026-06-15 21:29:37,703 - INFO - 3-inter val AUC: 0.733251 val perc 75.484211; iteration: 20000
2026-06-15 21:29:39,084 - INFO - Hard-3-inter val AUC: 0.467396 val perc 50.371746; iteration: 20000
2026-06-15 21:29:39,087 - INFO - Edge converged at iteration 20000
2026-06-15 21:29:39,088 - INFO - Testing at edge conv...
2026-06-15 21:29:51,398 - INFO - 1-chain val AUC: 0.979616 val perc 98.129897; iteration: 20001
2026-06-15 21:29:53,614 - INFO - 2-inter val AUC: 0.734006 val perc 72.403980; iteration: 20001
2026-06-15 21:29:55,825 - INFO - Hard-2-inter val AUC: 0.483150 val perc 47.455352; iteration: 20001
2026-06-15 21:29:58,826 - INFO - 2-chain val AUC: 0.940928 val perc 92.622951; iteration: 20001
2026-06-15 21:30:05,669 - INFO - 3-chain val AUC: 0.889375 val perc 87.763581; iteration: 20001
2026-06-15 21:30:14,703 - INFO - 3-chain_inter val AUC: 0.636797 val perc 66.599604; iteration: 20001
2026-06-15 21:30:23,741 - INFO - Hard-3-chain_inter val AUC: 0.562998 val perc 62.598984; iteration: 20001
2026-06-15 21:30:32,115 - INFO - 3-inter_chain val AUC: 0.710190 val perc 71.738220; iteration: 20001
2026-06-15 21:30:40,451 - INFO - Hard-3-inter_chain val AUC: 0.512615 val perc 54.569955; iteration: 20001
2026-06-15 21:30:49,973 - INFO - 3-inter val AUC: 0.736477 val perc 73.496945; iteration: 20001
2026-06-15 21:30:59,400 - INFO - Hard-3-inter val AUC: 0.474115 val perc 46.741402; iteration: 20001
2026-06-15 21:31:11,687 - INFO - 1-chain val AUC: 0.979616 val perc 98.129897; iteration: 20001
2026-06-15 21:31:13,912 - INFO - 2-inter val AUC: 0.734006 val perc 72.403980; iteration: 20001
2026-06-15 21:31:16,115 - INFO - Hard-2-inter val AUC: 0.483150 val perc 47.455352; iteration: 20001
2026-06-15 21:31:17,874 - INFO - 2-chain val AUC: 0.940928 val perc 92.622951; iteration: 20001
2026-06-15 21:31:24,774 - INFO - 3-chain val AUC: 0.889375 val perc 87.763581; iteration: 20001
2026-06-15 21:31:33,873 - INFO - 3-chain_inter val AUC: 0.636797 val perc 66.599604; iteration: 20001
2026-06-15 21:31:42,910 - INFO - Hard-3-chain_inter val AUC: 0.562998 val perc 62.598984; iteration: 20001
2026-06-15 21:31:51,375 - INFO - 3-inter_chain val AUC: 0.710190 val perc 71.738220; iteration: 20001
2026-06-15 21:31:59,789 - INFO - Hard-3-inter_chain val AUC: 0.512615 val perc 54.569955; iteration: 20001
2026-06-15 21:32:09,367 - INFO - 3-inter val AUC: 0.736477 val perc 73.496945; iteration: 20001
2026-06-15 21:32:21,129 - INFO - Hard-3-inter val AUC: 0.474115 val perc 46.741402; iteration: 20001
2026-06-15 21:32:21,129 - INFO - Test macro-averaged val: 0.696388
2026-06-15 21:32:21,129 - INFO - Improvement from edge conv: 0.000000
