2026-06-15 21:18:19,712 - INFO - Iter: 0; ema_loss: 0.264076
2026-06-15 21:18:20,200 - INFO - Iter: 100; ema_loss: 0.164698
2026-06-15 21:18:20,691 - INFO - Iter: 200; ema_loss: 0.131147
2026-06-15 21:18:21,180 - INFO - Iter: 300; ema_loss: 0.123808
2026-06-15 21:18:21,672 - INFO - Iter: 400; ema_loss: 0.104552
2026-06-15 21:18:22,161 - INFO - Iter: 500; ema_loss: 0.113665
2026-06-15 21:18:22,653 - INFO - Iter: 600; ema_loss: 0.109245
2026-06-15 21:18:23,148 - INFO - Iter: 700; ema_loss: 0.111373
2026-06-15 21:18:23,637 - INFO - Iter: 800; ema_loss: 0.116506
2026-06-15 21:18:24,128 - INFO - Iter: 900; ema_loss: 0.118090
2026-06-15 21:18:24,618 - INFO - Iter: 1000; ema_loss: 0.099640
2026-06-15 21:18:25,111 - INFO - Iter: 1100; ema_loss: 0.097732
2026-06-15 21:18:25,590 - INFO - Iter: 1200; ema_loss: 0.105312
2026-06-15 21:18:26,069 - INFO - Iter: 1300; ema_loss: 0.114900
2026-06-15 21:18:26,548 - INFO - Iter: 1400; ema_loss: 0.115301
2026-06-15 21:18:27,025 - INFO - Iter: 1500; ema_loss: 0.112668
2026-06-15 21:18:27,504 - INFO - Iter: 1600; ema_loss: 0.102102
2026-06-15 21:18:27,984 - INFO - Iter: 1700; ema_loss: 0.108224
2026-06-15 21:18:28,465 - INFO - Iter: 1800; ema_loss: 0.109343
2026-06-15 21:18:28,943 - INFO - Iter: 1900; ema_loss: 0.111378
2026-06-15 21:18:29,421 - INFO - Iter: 2000; ema_loss: 0.106965
2026-06-15 21:18:29,897 - INFO - Iter: 2100; ema_loss: 0.108522
2026-06-15 21:18:30,377 - INFO - Iter: 2200; ema_loss: 0.104830
2026-06-15 21:18:30,857 - INFO - Iter: 2300; ema_loss: 0.111572
2026-06-15 21:18:31,337 - INFO - Iter: 2400; ema_loss: 0.103370
2026-06-15 21:18:31,817 - INFO - Iter: 2500; ema_loss: 0.099602
2026-06-15 21:18:32,297 - INFO - Iter: 2600; ema_loss: 0.106916
2026-06-15 21:18:32,776 - INFO - Iter: 2700; ema_loss: 0.109553
2026-06-15 21:18:33,255 - INFO - Iter: 2800; ema_loss: 0.105426
2026-06-15 21:18:33,734 - INFO - Iter: 2900; ema_loss: 0.110265
2026-06-15 21:18:34,212 - INFO - Iter: 3000; ema_loss: 0.106873
2026-06-15 21:18:34,691 - INFO - Iter: 3100; ema_loss: 0.106434
2026-06-15 21:18:35,171 - INFO - Iter: 3200; ema_loss: 0.114157
2026-06-15 21:18:35,651 - INFO - Iter: 3300; ema_loss: 0.110948
2026-06-15 21:18:36,134 - INFO - Iter: 3400; ema_loss: 0.109868
2026-06-15 21:18:36,613 - INFO - Iter: 3500; ema_loss: 0.111814
2026-06-15 21:18:37,091 - INFO - Iter: 3600; ema_loss: 0.111035
2026-06-15 21:18:37,558 - INFO - Iter: 3700; ema_loss: 0.111779
2026-06-15 21:18:38,033 - INFO - Iter: 3800; ema_loss: 0.109654
2026-06-15 21:18:38,508 - INFO - Iter: 3900; ema_loss: 0.117462
2026-06-15 21:18:38,988 - INFO - Iter: 4000; ema_loss: 0.115864
2026-06-15 21:18:39,467 - INFO - Iter: 4100; ema_loss: 0.115193
2026-06-15 21:18:39,944 - INFO - Iter: 4200; ema_loss: 0.110760
2026-06-15 21:18:40,421 - INFO - Iter: 4300; ema_loss: 0.107794
2026-06-15 21:18:40,900 - INFO - Iter: 4400; ema_loss: 0.110869
2026-06-15 21:18:41,381 - INFO - Iter: 4500; ema_loss: 0.115873
2026-06-15 21:18:41,859 - INFO - Iter: 4600; ema_loss: 0.114820
2026-06-15 21:18:42,340 - INFO - Iter: 4700; ema_loss: 0.113186
2026-06-15 21:18:42,824 - INFO - Iter: 4800; ema_loss: 0.102590
2026-06-15 21:18:43,305 - INFO - Iter: 4900; ema_loss: 0.108194
2026-06-15 21:18:43,785 - INFO - Iter: 5000; ema_loss: 0.102741
2026-06-15 21:18:45,262 - INFO - 1-chain val AUC: 0.979496 val perc 98.161636; iteration: 5000
2026-06-15 21:18:46,102 - INFO - 2-inter val AUC: 0.771133 val perc 77.008197; iteration: 5000
2026-06-15 21:18:46,929 - INFO - Hard-2-inter val AUC: 0.489873 val perc 49.530208; iteration: 5000
2026-06-15 21:18:47,562 - INFO - 2-chain val AUC: 0.922527 val perc 88.772727; iteration: 5000
2026-06-15 21:18:48,581 - INFO - 3-chain val AUC: 0.866817 val perc 86.386139; iteration: 5000
2026-06-15 21:18:49,820 - INFO - 3-chain_inter val AUC: 0.679351 val perc 68.000000; iteration: 5000
2026-06-15 21:18:51,053 - INFO - Hard-3-chain_inter val AUC: 0.582961 val perc 63.148175; iteration: 5000
2026-06-15 21:18:52,301 - INFO - 3-inter_chain val AUC: 0.742986 val perc 74.234043; iteration: 5000
2026-06-15 21:18:53,543 - INFO - Hard-3-inter_chain val AUC: 0.524632 val perc 51.614657; iteration: 5000
2026-06-15 21:18:54,913 - INFO - 3-inter val AUC: 0.753108 val perc 76.421053; iteration: 5000
2026-06-15 21:18:56,285 - INFO - Hard-3-inter val AUC: 0.480002 val perc 47.697309; iteration: 5000
2026-06-15 21:18:56,767 - INFO - Iter: 5100; ema_loss: 0.104864
2026-06-15 21:18:57,250 - INFO - Iter: 5200; ema_loss: 0.104666
2026-06-15 21:18:57,735 - INFO - Iter: 5300; ema_loss: 0.107855
2026-06-15 21:18:58,219 - INFO - Iter: 5400; ema_loss: 0.107841
2026-06-15 21:18:58,703 - INFO - Iter: 5500; ema_loss: 0.103398
2026-06-15 21:18:59,187 - INFO - Iter: 5600; ema_loss: 0.107931
2026-06-15 21:18:59,672 - INFO - Iter: 5700; ema_loss: 0.101862
2026-06-15 21:19:00,154 - INFO - Iter: 5800; ema_loss: 0.104264
2026-06-15 21:19:00,639 - INFO - Iter: 5900; ema_loss: 0.110188
2026-06-15 21:19:01,122 - INFO - Iter: 6000; ema_loss: 0.104670
2026-06-15 21:19:01,607 - INFO - Iter: 6100; ema_loss: 0.108327
2026-06-15 21:19:02,091 - INFO - Iter: 6200; ema_loss: 0.116490
2026-06-15 21:19:02,575 - INFO - Iter: 6300; ema_loss: 0.112578
2026-06-15 21:19:03,058 - INFO - Iter: 6400; ema_loss: 0.108295
2026-06-15 21:19:03,543 - INFO - Iter: 6500; ema_loss: 0.101201
2026-06-15 21:19:04,028 - INFO - Iter: 6600; ema_loss: 0.097403
2026-06-15 21:19:04,514 - INFO - Iter: 6700; ema_loss: 0.103255
2026-06-15 21:19:05,002 - INFO - Iter: 6800; ema_loss: 0.106409
2026-06-15 21:19:05,490 - INFO - Iter: 6900; ema_loss: 0.108400
2026-06-15 21:19:05,976 - INFO - Iter: 7000; ema_loss: 0.111966
2026-06-15 21:19:06,461 - INFO - Iter: 7100; ema_loss: 0.121803
2026-06-15 21:19:06,947 - INFO - Iter: 7200; ema_loss: 0.113971
2026-06-15 21:19:07,433 - INFO - Iter: 7300; ema_loss: 0.116482
2026-06-15 21:19:07,920 - INFO - Iter: 7400; ema_loss: 0.114556
2026-06-15 21:19:08,403 - INFO - Iter: 7500; ema_loss: 0.116640
2026-06-15 21:19:08,886 - INFO - Iter: 7600; ema_loss: 0.109165
2026-06-15 21:19:09,370 - INFO - Iter: 7700; ema_loss: 0.109579
2026-06-15 21:19:09,854 - INFO - Iter: 7800; ema_loss: 0.107454
2026-06-15 21:19:10,339 - INFO - Iter: 7900; ema_loss: 0.113778
2026-06-15 21:19:10,823 - INFO - Iter: 8000; ema_loss: 0.112790
2026-06-15 21:19:11,308 - INFO - Iter: 8100; ema_loss: 0.112152
2026-06-15 21:19:11,793 - INFO - Iter: 8200; ema_loss: 0.100828
2026-06-15 21:19:12,276 - INFO - Iter: 8300; ema_loss: 0.104060
2026-06-15 21:19:12,758 - INFO - Iter: 8400; ema_loss: 0.110087
2026-06-15 21:19:13,242 - INFO - Iter: 8500; ema_loss: 0.120143
2026-06-15 21:19:13,732 - INFO - Iter: 8600; ema_loss: 0.119513
2026-06-15 21:19:14,223 - INFO - Iter: 8700; ema_loss: 0.114095
2026-06-15 21:19:14,712 - INFO - Iter: 8800; ema_loss: 0.106910
2026-06-15 21:19:15,196 - INFO - Iter: 8900; ema_loss: 0.098080
2026-06-15 21:19:15,676 - INFO - Iter: 9000; ema_loss: 0.092958
2026-06-15 21:19:16,158 - INFO - Iter: 9100; ema_loss: 0.101975
2026-06-15 21:19:16,639 - INFO - Iter: 9200; ema_loss: 0.111942
2026-06-15 21:19:17,119 - INFO - Iter: 9300; ema_loss: 0.103266
2026-06-15 21:19:17,600 - INFO - Iter: 9400; ema_loss: 0.115697
2026-06-15 21:19:18,078 - INFO - Iter: 9500; ema_loss: 0.109913
2026-06-15 21:19:18,558 - INFO - Iter: 9600; ema_loss: 0.113842
2026-06-15 21:19:19,039 - INFO - Iter: 9700; ema_loss: 0.107770
2026-06-15 21:19:19,519 - INFO - Iter: 9800; ema_loss: 0.112065
2026-06-15 21:19:20,000 - INFO - Iter: 9900; ema_loss: 0.112619
2026-06-15 21:19:20,479 - INFO - Iter: 10000; ema_loss: 0.112885
2026-06-15 21:19:21,942 - INFO - 1-chain val AUC: 0.979710 val perc 98.158228; iteration: 10000
2026-06-15 21:19:22,765 - INFO - 2-inter val AUC: 0.767833 val perc 75.868852; iteration: 10000
2026-06-15 21:19:23,583 - INFO - Hard-2-inter val AUC: 0.492038 val perc 46.948772; iteration: 10000
2026-06-15 21:19:24,210 - INFO - 2-chain val AUC: 0.925006 val perc 89.954545; iteration: 10000
2026-06-15 21:19:25,227 - INFO - 3-chain val AUC: 0.865114 val perc 88.326733; iteration: 10000
2026-06-15 21:19:26,458 - INFO - 3-chain_inter val AUC: 0.678440 val perc 68.111111; iteration: 10000
2026-06-15 21:19:27,697 - INFO - Hard-3-chain_inter val AUC: 0.582364 val perc 62.376024; iteration: 10000
2026-06-15 21:19:28,947 - INFO - 3-inter_chain val AUC: 0.741577 val perc 74.574468; iteration: 10000
2026-06-15 21:19:30,193 - INFO - Hard-3-inter_chain val AUC: 0.530428 val perc 52.396676; iteration: 10000
2026-06-15 21:19:31,573 - INFO - 3-inter val AUC: 0.750693 val perc 76.052632; iteration: 10000
2026-06-15 21:19:32,945 - INFO - Hard-3-inter val AUC: 0.476717 val perc 46.689168; iteration: 10000
2026-06-15 21:19:33,444 - INFO - Iter: 10100; ema_loss: 0.106709
2026-06-15 21:19:33,928 - INFO - Iter: 10200; ema_loss: 0.107259
2026-06-15 21:19:34,413 - INFO - Iter: 10300; ema_loss: 0.104530
2026-06-15 21:19:34,900 - INFO - Iter: 10400; ema_loss: 0.103817
2026-06-15 21:19:35,383 - INFO - Iter: 10500; ema_loss: 0.095989
2026-06-15 21:19:35,868 - INFO - Iter: 10600; ema_loss: 0.110403
2026-06-15 21:19:36,351 - INFO - Iter: 10700; ema_loss: 0.105725
2026-06-15 21:19:36,836 - INFO - Iter: 10800; ema_loss: 0.102866
2026-06-15 21:19:37,322 - INFO - Iter: 10900; ema_loss: 0.107428
2026-06-15 21:19:37,809 - INFO - Iter: 11000; ema_loss: 0.108126
2026-06-15 21:19:38,296 - INFO - Iter: 11100; ema_loss: 0.117322
2026-06-15 21:19:38,782 - INFO - Iter: 11200; ema_loss: 0.113245
2026-06-15 21:19:39,270 - INFO - Iter: 11300; ema_loss: 0.109805
2026-06-15 21:19:39,758 - INFO - Iter: 11400; ema_loss: 0.115886
2026-06-15 21:19:40,246 - INFO - Iter: 11500; ema_loss: 0.118096
2026-06-15 21:19:40,732 - INFO - Iter: 11600; ema_loss: 0.103416
2026-06-15 21:19:41,216 - INFO - Iter: 11700; ema_loss: 0.096079
2026-06-15 21:19:41,703 - INFO - Iter: 11800; ema_loss: 0.099980
2026-06-15 21:19:42,188 - INFO - Iter: 11900; ema_loss: 0.103285
2026-06-15 21:19:42,673 - INFO - Iter: 12000; ema_loss: 0.106745
2026-06-15 21:19:43,157 - INFO - Iter: 12100; ema_loss: 0.107054
2026-06-15 21:19:43,642 - INFO - Iter: 12200; ema_loss: 0.103405
2026-06-15 21:19:44,125 - INFO - Iter: 12300; ema_loss: 0.101891
2026-06-15 21:19:44,610 - INFO - Iter: 12400; ema_loss: 0.107547
2026-06-15 21:19:45,096 - INFO - Iter: 12500; ema_loss: 0.109489
2026-06-15 21:19:45,582 - INFO - Iter: 12600; ema_loss: 0.110030
2026-06-15 21:19:46,066 - INFO - Iter: 12700; ema_loss: 0.107781
2026-06-15 21:19:46,550 - INFO - Iter: 12800; ema_loss: 0.112799
2026-06-15 21:19:47,036 - INFO - Iter: 12900; ema_loss: 0.112828
2026-06-15 21:19:47,521 - INFO - Iter: 13000; ema_loss: 0.099758
2026-06-15 21:19:48,007 - INFO - Iter: 13100; ema_loss: 0.102451
2026-06-15 21:19:48,492 - INFO - Iter: 13200; ema_loss: 0.104416
2026-06-15 21:19:48,977 - INFO - Iter: 13300; ema_loss: 0.095920
2026-06-15 21:19:49,462 - INFO - Iter: 13400; ema_loss: 0.105575
2026-06-15 21:19:49,948 - INFO - Iter: 13500; ema_loss: 0.097746
2026-06-15 21:19:50,437 - INFO - Iter: 13600; ema_loss: 0.108010
2026-06-15 21:19:50,922 - INFO - Iter: 13700; ema_loss: 0.101630
2026-06-15 21:19:51,409 - INFO - Iter: 13800; ema_loss: 0.097946
2026-06-15 21:19:51,896 - INFO - Iter: 13900; ema_loss: 0.103953
2026-06-15 21:19:52,384 - INFO - Iter: 14000; ema_loss: 0.106644
2026-06-15 21:19:52,872 - INFO - Iter: 14100; ema_loss: 0.116688
2026-06-15 21:19:53,357 - INFO - Iter: 14200; ema_loss: 0.107762
2026-06-15 21:19:53,844 - INFO - Iter: 14300; ema_loss: 0.101631
2026-06-15 21:19:54,331 - INFO - Iter: 14400; ema_loss: 0.112135
2026-06-15 21:19:54,819 - INFO - Iter: 14500; ema_loss: 0.111184
2026-06-15 21:19:55,303 - INFO - Iter: 14600; ema_loss: 0.108974
2026-06-15 21:19:55,787 - INFO - Iter: 14700; ema_loss: 0.116461
2026-06-15 21:19:56,271 - INFO - Iter: 14800; ema_loss: 0.107794
2026-06-15 21:19:56,755 - INFO - Iter: 14900; ema_loss: 0.100220
2026-06-15 21:19:57,244 - INFO - Iter: 15000; ema_loss: 0.106872
2026-06-15 21:19:58,714 - INFO - 1-chain val AUC: 0.979699 val perc 98.130964; iteration: 15000
2026-06-15 21:19:59,547 - INFO - 2-inter val AUC: 0.766589 val perc 75.262295; iteration: 15000
2026-06-15 21:20:00,373 - INFO - Hard-2-inter val AUC: 0.491219 val perc 48.225268; iteration: 15000
2026-06-15 21:20:01,010 - INFO - 2-chain val AUC: 0.923184 val perc 88.079545; iteration: 15000
2026-06-15 21:20:02,046 - INFO - 3-chain val AUC: 0.847350 val perc 85.742574; iteration: 15000
2026-06-15 21:20:03,295 - INFO - 3-chain_inter val AUC: 0.669165 val perc 66.727273; iteration: 15000
2026-06-15 21:20:04,536 - INFO - Hard-3-chain_inter val AUC: 0.570928 val perc 61.561659; iteration: 15000
2026-06-15 21:20:05,784 - INFO - 3-inter_chain val AUC: 0.734527 val perc 74.744681; iteration: 15000
2026-06-15 21:20:07,032 - INFO - Hard-3-inter_chain val AUC: 0.527282 val perc 54.049089; iteration: 15000
2026-06-15 21:20:08,407 - INFO - 3-inter val AUC: 0.750437 val perc 76.368421; iteration: 15000
2026-06-15 21:20:09,779 - INFO - Hard-3-inter val AUC: 0.476297 val perc 44.481886; iteration: 15000
2026-06-15 21:20:10,269 - INFO - Iter: 15100; ema_loss: 0.115120
2026-06-15 21:20:10,757 - INFO - Iter: 15200; ema_loss: 0.116979
2026-06-15 21:20:11,245 - INFO - Iter: 15300; ema_loss: 0.113065
2026-06-15 21:20:11,733 - INFO - Iter: 15400; ema_loss: 0.112897
2026-06-15 21:20:12,218 - INFO - Iter: 15500; ema_loss: 0.100602
2026-06-15 21:20:12,719 - INFO - Iter: 15600; ema_loss: 0.091207
2026-06-15 21:20:13,218 - INFO - Iter: 15700; ema_loss: 0.104852
2026-06-15 21:20:13,714 - INFO - Iter: 15800; ema_loss: 0.099401
2026-06-15 21:20:14,214 - INFO - Iter: 15900; ema_loss: 0.105954
2026-06-15 21:20:14,652 - INFO - Iter: 16000; ema_loss: 0.108475
2026-06-15 21:20:15,149 - INFO - Iter: 16100; ema_loss: 0.106668
2026-06-15 21:20:15,625 - INFO - Iter: 16200; ema_loss: 0.098326
2026-06-15 21:20:16,119 - INFO - Iter: 16300; ema_loss: 0.111741
2026-06-15 21:20:16,609 - INFO - Iter: 16400; ema_loss: 0.114121
2026-06-15 21:20:17,097 - INFO - Iter: 16500; ema_loss: 0.101708
2026-06-15 21:20:17,582 - INFO - Iter: 16600; ema_loss: 0.105193
2026-06-15 21:20:18,069 - INFO - Iter: 16700; ema_loss: 0.101101
2026-06-15 21:20:18,551 - INFO - Iter: 16800; ema_loss: 0.110058
2026-06-15 21:20:19,039 - INFO - Iter: 16900; ema_loss: 0.101972
2026-06-15 21:20:19,525 - INFO - Iter: 17000; ema_loss: 0.114255
2026-06-15 21:20:20,011 - INFO - Iter: 17100; ema_loss: 0.103320
2026-06-15 21:20:20,496 - INFO - Iter: 17200; ema_loss: 0.108784
2026-06-15 21:20:20,977 - INFO - Iter: 17300; ema_loss: 0.104353
2026-06-15 21:20:21,462 - INFO - Iter: 17400; ema_loss: 0.117093
2026-06-15 21:20:21,950 - INFO - Iter: 17500; ema_loss: 0.105062
2026-06-15 21:20:22,436 - INFO - Iter: 17600; ema_loss: 0.109520
2026-06-15 21:20:22,925 - INFO - Iter: 17700; ema_loss: 0.110843
2026-06-15 21:20:23,405 - INFO - Iter: 17800; ema_loss: 0.107391
2026-06-15 21:20:23,891 - INFO - Iter: 17900; ema_loss: 0.108491
2026-06-15 21:20:24,295 - INFO - Iter: 18000; ema_loss: 0.099439
2026-06-15 21:20:24,680 - INFO - Iter: 18100; ema_loss: 0.098635
2026-06-15 21:20:25,118 - INFO - Iter: 18200; ema_loss: 0.098471
2026-06-15 21:20:25,603 - INFO - Iter: 18300; ema_loss: 0.109626
2026-06-15 21:20:26,090 - INFO - Iter: 18400; ema_loss: 0.113638
2026-06-15 21:20:26,578 - INFO - Iter: 18500; ema_loss: 0.117542
2026-06-15 21:20:27,057 - INFO - Iter: 18600; ema_loss: 0.108833
2026-06-15 21:20:27,535 - INFO - Iter: 18700; ema_loss: 0.112456
2026-06-15 21:20:28,021 - INFO - Iter: 18800; ema_loss: 0.105994
2026-06-15 21:20:28,504 - INFO - Iter: 18900; ema_loss: 0.106131
2026-06-15 21:20:28,993 - INFO - Iter: 19000; ema_loss: 0.106948
2026-06-15 21:20:29,479 - INFO - Iter: 19100; ema_loss: 0.103338
2026-06-15 21:20:29,965 - INFO - Iter: 19200; ema_loss: 0.110767
2026-06-15 21:20:30,451 - INFO - Iter: 19300; ema_loss: 0.105395
2026-06-15 21:20:30,938 - INFO - Iter: 19400; ema_loss: 0.099524
2026-06-15 21:20:31,425 - INFO - Iter: 19500; ema_loss: 0.101612
2026-06-15 21:20:31,911 - INFO - Iter: 19600; ema_loss: 0.101597
2026-06-15 21:20:32,396 - INFO - Iter: 19700; ema_loss: 0.107813
2026-06-15 21:20:32,867 - INFO - Iter: 19800; ema_loss: 0.103216
2026-06-15 21:20:33,346 - INFO - Iter: 19900; ema_loss: 0.105398
2026-06-15 21:20:33,834 - INFO - Iter: 20000; ema_loss: 0.105890
2026-06-15 21:20:35,316 - INFO - 1-chain val AUC: 0.979939 val perc 98.102483; iteration: 20000
2026-06-15 21:20:36,148 - INFO - 2-inter val AUC: 0.761565 val perc 75.663934; iteration: 20000
2026-06-15 21:20:36,975 - INFO - Hard-2-inter val AUC: 0.484754 val perc 48.285453; iteration: 20000
2026-06-15 21:20:37,610 - INFO - 2-chain val AUC: 0.927914 val perc 91.909091; iteration: 20000
2026-06-15 21:20:38,639 - INFO - 3-chain val AUC: 0.873539 val perc 90.425743; iteration: 20000
2026-06-15 21:20:39,889 - INFO - 3-chain_inter val AUC: 0.649514 val perc 67.434343; iteration: 20000
2026-06-15 21:20:41,128 - INFO - Hard-3-chain_inter val AUC: 0.558584 val perc 58.826376; iteration: 20000
2026-06-15 21:20:42,377 - INFO - 3-inter_chain val AUC: 0.728545 val perc 73.968085; iteration: 20000
2026-06-15 21:20:43,625 - INFO - Hard-3-inter_chain val AUC: 0.522615 val perc 52.309067; iteration: 20000
2026-06-15 21:20:45,012 - INFO - 3-inter val AUC: 0.746015 val perc 75.157895; iteration: 20000
2026-06-15 21:20:46,407 - INFO - Hard-3-inter val AUC: 0.472075 val perc 45.116962; iteration: 20000
2026-06-15 21:20:46,916 - INFO - Iter: 20100; ema_loss: 0.106784
2026-06-15 21:20:47,428 - INFO - Iter: 20200; ema_loss: 0.107698
2026-06-15 21:20:47,917 - INFO - Iter: 20300; ema_loss: 0.113501
2026-06-15 21:20:48,408 - INFO - Iter: 20400; ema_loss: 0.109486
2026-06-15 21:20:48,900 - INFO - Iter: 20500; ema_loss: 0.110315
2026-06-15 21:20:49,392 - INFO - Iter: 20600; ema_loss: 0.101310
2026-06-15 21:20:49,883 - INFO - Iter: 20700; ema_loss: 0.102276
2026-06-15 21:20:50,374 - INFO - Iter: 20800; ema_loss: 0.108258
2026-06-15 21:20:50,865 - INFO - Iter: 20900; ema_loss: 0.122052
2026-06-15 21:20:51,355 - INFO - Iter: 21000; ema_loss: 0.114400
2026-06-15 21:20:51,844 - INFO - Iter: 21100; ema_loss: 0.112973
2026-06-15 21:20:52,335 - INFO - Iter: 21200; ema_loss: 0.100651
2026-06-15 21:20:52,824 - INFO - Iter: 21300; ema_loss: 0.104672
2026-06-15 21:20:53,316 - INFO - Iter: 21400; ema_loss: 0.111728
2026-06-15 21:20:53,806 - INFO - Iter: 21500; ema_loss: 0.110968
2026-06-15 21:20:54,298 - INFO - Iter: 21600; ema_loss: 0.116510
2026-06-15 21:20:54,791 - INFO - Iter: 21700; ema_loss: 0.116186
2026-06-15 21:20:55,281 - INFO - Iter: 21800; ema_loss: 0.097802
2026-06-15 21:20:55,771 - INFO - Iter: 21900; ema_loss: 0.101515
2026-06-15 21:20:56,264 - INFO - Iter: 22000; ema_loss: 0.109126
2026-06-15 21:20:56,758 - INFO - Iter: 22100; ema_loss: 0.103956
2026-06-15 21:20:57,255 - INFO - Iter: 22200; ema_loss: 0.102632
2026-06-15 21:20:57,750 - INFO - Iter: 22300; ema_loss: 0.106175
2026-06-15 21:20:58,246 - INFO - Iter: 22400; ema_loss: 0.111893
2026-06-15 21:20:58,739 - INFO - Iter: 22500; ema_loss: 0.116892
2026-06-15 21:20:59,233 - INFO - Iter: 22600; ema_loss: 0.120779
2026-06-15 21:20:59,722 - INFO - Iter: 22700; ema_loss: 0.103825
2026-06-15 21:21:00,214 - INFO - Iter: 22800; ema_loss: 0.100010
2026-06-15 21:21:00,708 - INFO - Iter: 22900; ema_loss: 0.098437
2026-06-15 21:21:01,202 - INFO - Iter: 23000; ema_loss: 0.107108
2026-06-15 21:21:01,692 - INFO - Iter: 23100; ema_loss: 0.110910
2026-06-15 21:21:02,187 - INFO - Iter: 23200; ema_loss: 0.115837
2026-06-15 21:21:02,689 - INFO - Iter: 23300; ema_loss: 0.115142
2026-06-15 21:21:03,192 - INFO - Iter: 23400; ema_loss: 0.113439
2026-06-15 21:21:03,695 - INFO - Iter: 23500; ema_loss: 0.114372
2026-06-15 21:21:04,197 - INFO - Iter: 23600; ema_loss: 0.108398
2026-06-15 21:21:04,699 - INFO - Iter: 23700; ema_loss: 0.102635
2026-06-15 21:21:05,201 - INFO - Iter: 23800; ema_loss: 0.102251
2026-06-15 21:21:05,699 - INFO - Iter: 23900; ema_loss: 0.104235
2026-06-15 21:21:06,202 - INFO - Iter: 24000; ema_loss: 0.107054
2026-06-15 21:21:06,704 - INFO - Iter: 24100; ema_loss: 0.101386
2026-06-15 21:21:07,207 - INFO - Iter: 24200; ema_loss: 0.102267
2026-06-15 21:21:07,709 - INFO - Iter: 24300; ema_loss: 0.111493
2026-06-15 21:21:08,211 - INFO - Iter: 24400; ema_loss: 0.111674
2026-06-15 21:21:08,714 - INFO - Iter: 24500; ema_loss: 0.108543
2026-06-15 21:21:09,214 - INFO - Iter: 24600; ema_loss: 0.106233
2026-06-15 21:21:09,710 - INFO - Iter: 24700; ema_loss: 0.108975
2026-06-15 21:21:10,196 - INFO - Iter: 24800; ema_loss: 0.101591
2026-06-15 21:21:10,679 - INFO - Iter: 24900; ema_loss: 0.104850
2026-06-15 21:21:11,170 - INFO - Iter: 25000; ema_loss: 0.106853
2026-06-15 21:21:12,651 - INFO - 1-chain val AUC: 0.980193 val perc 98.122687; iteration: 25000
2026-06-15 21:21:13,482 - INFO - 2-inter val AUC: 0.760409 val perc 75.172131; iteration: 25000
2026-06-15 21:21:14,309 - INFO - Hard-2-inter val AUC: 0.488103 val perc 50.733484; iteration: 25000
2026-06-15 21:21:14,945 - INFO - 2-chain val AUC: 0.928729 val perc 91.795455; iteration: 25000
2026-06-15 21:21:15,979 - INFO - 3-chain val AUC: 0.882295 val perc 90.683168; iteration: 25000
2026-06-15 21:21:17,229 - INFO - 3-chain_inter val AUC: 0.649803 val perc 65.848485; iteration: 25000
2026-06-15 21:21:18,468 - INFO - Hard-3-chain_inter val AUC: 0.568953 val perc 59.237349; iteration: 25000
2026-06-15 21:21:19,717 - INFO - 3-inter_chain val AUC: 0.721583 val perc 73.404255; iteration: 25000
2026-06-15 21:21:20,980 - INFO - Hard-3-inter_chain val AUC: 0.523687 val perc 53.335628; iteration: 25000
2026-06-15 21:21:22,359 - INFO - 3-inter val AUC: 0.746494 val perc 75.284211; iteration: 25000
2026-06-15 21:21:23,735 - INFO - Hard-3-inter val AUC: 0.476072 val perc 45.776987; iteration: 25000
2026-06-15 21:21:24,228 - INFO - Iter: 25100; ema_loss: 0.103579
2026-06-15 21:21:24,715 - INFO - Iter: 25200; ema_loss: 0.104757
2026-06-15 21:21:25,201 - INFO - Iter: 25300; ema_loss: 0.102611
2026-06-15 21:21:25,693 - INFO - Iter: 25400; ema_loss: 0.108441
2026-06-15 21:21:26,187 - INFO - Iter: 25500; ema_loss: 0.110981
2026-06-15 21:21:26,680 - INFO - Iter: 25600; ema_loss: 0.104543
2026-06-15 21:21:27,171 - INFO - Iter: 25700; ema_loss: 0.102863
2026-06-15 21:21:27,663 - INFO - Iter: 25800; ema_loss: 0.107568
2026-06-15 21:21:28,158 - INFO - Iter: 25900; ema_loss: 0.103084
2026-06-15 21:21:28,647 - INFO - Iter: 26000; ema_loss: 0.117432
2026-06-15 21:21:29,139 - INFO - Iter: 26100; ema_loss: 0.116570
2026-06-15 21:21:29,628 - INFO - Iter: 26200; ema_loss: 0.109453
2026-06-15 21:21:30,121 - INFO - Iter: 26300; ema_loss: 0.109159
2026-06-15 21:21:30,615 - INFO - Iter: 26400; ema_loss: 0.110696
2026-06-15 21:21:31,108 - INFO - Iter: 26500; ema_loss: 0.111866
2026-06-15 21:21:31,598 - INFO - Iter: 26600; ema_loss: 0.113791
2026-06-15 21:21:32,091 - INFO - Iter: 26700; ema_loss: 0.114105
2026-06-15 21:21:32,586 - INFO - Iter: 26800; ema_loss: 0.118896
2026-06-15 21:21:33,077 - INFO - Iter: 26900; ema_loss: 0.118166
2026-06-15 21:21:33,569 - INFO - Iter: 27000; ema_loss: 0.110519
2026-06-15 21:21:34,061 - INFO - Iter: 27100; ema_loss: 0.111552
2026-06-15 21:21:34,556 - INFO - Iter: 27200; ema_loss: 0.115812
2026-06-15 21:21:35,047 - INFO - Iter: 27300; ema_loss: 0.107917
2026-06-15 21:21:35,533 - INFO - Iter: 27400; ema_loss: 0.113285
2026-06-15 21:21:36,022 - INFO - Iter: 27500; ema_loss: 0.105590
2026-06-15 21:21:36,513 - INFO - Iter: 27600; ema_loss: 0.110673
2026-06-15 21:21:37,006 - INFO - Iter: 27700; ema_loss: 0.112640
2026-06-15 21:21:37,497 - INFO - Iter: 27800; ema_loss: 0.111996
2026-06-15 21:21:37,988 - INFO - Iter: 27900; ema_loss: 0.111513
2026-06-15 21:21:38,464 - INFO - Iter: 28000; ema_loss: 0.096054
2026-06-15 21:21:38,873 - INFO - Iter: 28100; ema_loss: 0.100530
2026-06-15 21:21:39,368 - INFO - Iter: 28200; ema_loss: 0.102953
2026-06-15 21:21:39,829 - INFO - Iter: 28300; ema_loss: 0.107967
2026-06-15 21:21:40,218 - INFO - Iter: 28400; ema_loss: 0.112567
2026-06-15 21:21:40,668 - INFO - Iter: 28500; ema_loss: 0.111527
2026-06-15 21:21:41,159 - INFO - Iter: 28600; ema_loss: 0.104050
2026-06-15 21:21:41,648 - INFO - Iter: 28700; ema_loss: 0.106597
2026-06-15 21:21:42,137 - INFO - Iter: 28800; ema_loss: 0.099935
2026-06-15 21:21:42,628 - INFO - Iter: 28900; ema_loss: 0.115754
2026-06-15 21:21:43,118 - INFO - Iter: 29000; ema_loss: 0.105502
2026-06-15 21:21:43,547 - INFO - Iter: 29100; ema_loss: 0.104655
2026-06-15 21:21:43,935 - INFO - Iter: 29200; ema_loss: 0.095147
2026-06-15 21:21:44,321 - INFO - Iter: 29300; ema_loss: 0.101688
2026-06-15 21:21:44,769 - INFO - Iter: 29400; ema_loss: 0.120607
2026-06-15 21:21:45,260 - INFO - Iter: 29500; ema_loss: 0.116262
2026-06-15 21:21:45,756 - INFO - Iter: 29600; ema_loss: 0.109085
2026-06-15 21:21:46,246 - INFO - Iter: 29700; ema_loss: 0.110438
2026-06-15 21:21:46,705 - INFO - Iter: 29800; ema_loss: 0.106441
2026-06-15 21:21:47,110 - INFO - Iter: 29900; ema_loss: 0.111967
2026-06-15 21:21:47,497 - INFO - Iter: 30000; ema_loss: 0.097869
2026-06-15 21:21:48,972 - INFO - 1-chain val AUC: 0.979836 val perc 98.097128; iteration: 30000
2026-06-15 21:21:49,799 - INFO - 2-inter val AUC: 0.760640 val perc 74.877049; iteration: 30000
2026-06-15 21:21:50,626 - INFO - Hard-2-inter val AUC: 0.485702 val perc 48.791256; iteration: 30000
2026-06-15 21:21:51,262 - INFO - 2-chain val AUC: 0.921344 val perc 87.943182; iteration: 30000
2026-06-15 21:21:52,287 - INFO - 3-chain val AUC: 0.866423 val perc 89.613861; iteration: 30000
2026-06-15 21:21:53,534 - INFO - 3-chain_inter val AUC: 0.646142 val perc 67.212121; iteration: 30000
2026-06-15 21:21:54,779 - INFO - Hard-3-chain_inter val AUC: 0.572181 val perc 60.567643; iteration: 30000
2026-06-15 21:21:56,035 - INFO - 3-inter_chain val AUC: 0.723041 val perc 72.393617; iteration: 30000
2026-06-15 21:21:57,287 - INFO - Hard-3-inter_chain val AUC: 0.527337 val perc 53.702843; iteration: 30000
2026-06-15 21:21:58,665 - INFO - 3-inter val AUC: 0.742418 val perc 75.368421; iteration: 30000
2026-06-15 21:22:00,051 - INFO - Hard-3-inter val AUC: 0.477624 val perc 46.937345; iteration: 30000
2026-06-15 21:22:00,551 - INFO - Iter: 30100; ema_loss: 0.106434
2026-06-15 21:22:01,045 - INFO - Iter: 30200; ema_loss: 0.103108
2026-06-15 21:22:01,536 - INFO - Iter: 30300; ema_loss: 0.104243
2026-06-15 21:22:02,030 - INFO - Iter: 30400; ema_loss: 0.113274
2026-06-15 21:22:02,520 - INFO - Iter: 30500; ema_loss: 0.114712
2026-06-15 21:22:03,009 - INFO - Iter: 30600; ema_loss: 0.114065
2026-06-15 21:22:03,498 - INFO - Iter: 30700; ema_loss: 0.108029
2026-06-15 21:22:03,988 - INFO - Iter: 30800; ema_loss: 0.110068
2026-06-15 21:22:04,478 - INFO - Iter: 30900; ema_loss: 0.099469
2026-06-15 21:22:04,968 - INFO - Iter: 31000; ema_loss: 0.106492
2026-06-15 21:22:05,456 - INFO - Iter: 31100; ema_loss: 0.106589
2026-06-15 21:22:05,947 - INFO - Iter: 31200; ema_loss: 0.104792
2026-06-15 21:22:06,439 - INFO - Iter: 31300; ema_loss: 0.100063
2026-06-15 21:22:06,932 - INFO - Iter: 31400; ema_loss: 0.106286
2026-06-15 21:22:07,424 - INFO - Iter: 31500; ema_loss: 0.097318
2026-06-15 21:22:07,863 - INFO - Iter: 31600; ema_loss: 0.102495
2026-06-15 21:22:08,331 - INFO - Iter: 31700; ema_loss: 0.094683
2026-06-15 21:22:08,821 - INFO - Iter: 31800; ema_loss: 0.093226
2026-06-15 21:22:09,311 - INFO - Iter: 31900; ema_loss: 0.104964
2026-06-15 21:22:09,805 - INFO - Iter: 32000; ema_loss: 0.099792
2026-06-15 21:22:10,289 - INFO - Iter: 32100; ema_loss: 0.108733
2026-06-15 21:22:10,782 - INFO - Iter: 32200; ema_loss: 0.101994
2026-06-15 21:22:11,274 - INFO - Iter: 32300; ema_loss: 0.108770
2026-06-15 21:22:11,767 - INFO - Iter: 32400; ema_loss: 0.102524
2026-06-15 21:22:12,249 - INFO - Iter: 32500; ema_loss: 0.096868
2026-06-15 21:22:12,746 - INFO - Iter: 32600; ema_loss: 0.105103
2026-06-15 21:22:13,240 - INFO - Iter: 32700; ema_loss: 0.107039
2026-06-15 21:22:13,732 - INFO - Iter: 32800; ema_loss: 0.114876
2026-06-15 21:22:14,226 - INFO - Iter: 32900; ema_loss: 0.105663
2026-06-15 21:22:14,690 - INFO - Iter: 33000; ema_loss: 0.106673
2026-06-15 21:22:15,183 - INFO - Iter: 33100; ema_loss: 0.099191
2026-06-15 21:22:15,672 - INFO - Iter: 33200; ema_loss: 0.104866
2026-06-15 21:22:16,162 - INFO - Iter: 33300; ema_loss: 0.107576
2026-06-15 21:22:16,651 - INFO - Iter: 33400; ema_loss: 0.102140
2026-06-15 21:22:17,139 - INFO - Iter: 33500; ema_loss: 0.104680
2026-06-15 21:22:17,628 - INFO - Iter: 33600; ema_loss: 0.111011
2026-06-15 21:22:18,130 - INFO - Iter: 33700; ema_loss: 0.114288
2026-06-15 21:22:18,615 - INFO - Iter: 33800; ema_loss: 0.103160
2026-06-15 21:22:19,102 - INFO - Iter: 33900; ema_loss: 0.116816
2026-06-15 21:22:19,589 - INFO - Iter: 34000; ema_loss: 0.105712
2026-06-15 21:22:20,077 - INFO - Iter: 34100; ema_loss: 0.100249
2026-06-15 21:22:20,565 - INFO - Iter: 34200; ema_loss: 0.118844
2026-06-15 21:22:21,053 - INFO - Iter: 34300; ema_loss: 0.114692
2026-06-15 21:22:21,452 - INFO - Iter: 34400; ema_loss: 0.111255
2026-06-15 21:22:21,841 - INFO - Iter: 34500; ema_loss: 0.106451
2026-06-15 21:22:22,329 - INFO - Iter: 34600; ema_loss: 0.099390
2026-06-15 21:22:22,819 - INFO - Iter: 34700; ema_loss: 0.105395
2026-06-15 21:22:23,308 - INFO - Iter: 34800; ema_loss: 0.102724
2026-06-15 21:22:23,799 - INFO - Iter: 34900; ema_loss: 0.108870
2026-06-15 21:22:24,289 - INFO - Iter: 35000; ema_loss: 0.100638
2026-06-15 21:22:25,769 - INFO - 1-chain val AUC: 0.979933 val perc 98.142648; iteration: 35000
2026-06-15 21:22:26,599 - INFO - 2-inter val AUC: 0.753414 val perc 75.090164; iteration: 35000
2026-06-15 21:22:27,425 - INFO - Hard-2-inter val AUC: 0.491515 val perc 48.921998; iteration: 35000
2026-06-15 21:22:28,060 - INFO - 2-chain val AUC: 0.928818 val perc 91.386364; iteration: 35000
2026-06-15 21:22:29,090 - INFO - 3-chain val AUC: 0.863708 val perc 87.980198; iteration: 35000
2026-06-15 21:22:30,351 - INFO - 3-chain_inter val AUC: 0.643055 val perc 66.545455; iteration: 35000
2026-06-15 21:22:31,594 - INFO - Hard-3-chain_inter val AUC: 0.565284 val perc 60.348789; iteration: 35000
2026-06-15 21:22:32,842 - INFO - 3-inter_chain val AUC: 0.717081 val perc 71.840426; iteration: 35000
2026-06-15 21:22:34,090 - INFO - Hard-3-inter_chain val AUC: 0.525395 val perc 54.693665; iteration: 35000
2026-06-15 21:22:35,470 - INFO - 3-inter val AUC: 0.734741 val perc 74.884211; iteration: 35000
2026-06-15 21:22:36,861 - INFO - Hard-3-inter val AUC: 0.476302 val perc 46.536961; iteration: 35000
2026-06-15 21:22:36,864 - INFO - Edge converged at iteration 35000
2026-06-15 21:22:36,864 - INFO - Testing at edge conv...
2026-06-15 21:22:49,209 - INFO - 1-chain val AUC: 0.980000 val perc 98.171471; iteration: 35001
2026-06-15 21:22:51,435 - INFO - 2-inter val AUC: 0.736897 val perc 73.046766; iteration: 35001
2026-06-15 21:22:53,620 - INFO - Hard-2-inter val AUC: 0.485517 val perc 47.029956; iteration: 35001
2026-06-15 21:22:55,363 - INFO - 2-chain val AUC: 0.938736 val perc 93.268443; iteration: 35001
2026-06-15 21:23:02,122 - INFO - 3-chain val AUC: 0.870936 val perc 87.009054; iteration: 35001
2026-06-15 21:23:11,058 - INFO - 3-chain_inter val AUC: 0.646357 val perc 68.530228; iteration: 35001
2026-06-15 21:23:19,945 - INFO - Hard-3-chain_inter val AUC: 0.565471 val perc 63.352582; iteration: 35001
2026-06-15 21:23:28,177 - INFO - 3-inter_chain val AUC: 0.713420 val perc 72.526702; iteration: 35001
2026-06-15 21:23:36,351 - INFO - Hard-3-inter_chain val AUC: 0.511406 val perc 54.465442; iteration: 35001
2026-06-15 21:23:45,639 - INFO - 3-inter val AUC: 0.735970 val perc 73.315682; iteration: 35001
2026-06-15 21:23:54,909 - INFO - Hard-3-inter val AUC: 0.475344 val perc 46.566320; iteration: 35001
2026-06-15 21:24:07,034 - INFO - 1-chain val AUC: 0.980000 val perc 98.171471; iteration: 35001
2026-06-15 21:24:09,276 - INFO - 2-inter val AUC: 0.736897 val perc 73.046766; iteration: 35001
2026-06-15 21:24:11,473 - INFO - Hard-2-inter val AUC: 0.485517 val perc 47.029956; iteration: 35001
2026-06-15 21:24:13,243 - INFO - 2-chain val AUC: 0.938736 val perc 93.268443; iteration: 35001
2026-06-15 21:24:20,128 - INFO - 3-chain val AUC: 0.870936 val perc 87.009054; iteration: 35001
2026-06-15 21:24:29,162 - INFO - 3-chain_inter val AUC: 0.646357 val perc 68.530228; iteration: 35001
2026-06-15 21:24:38,130 - INFO - Hard-3-chain_inter val AUC: 0.565471 val perc 63.352582; iteration: 35001
2026-06-15 21:24:46,476 - INFO - 3-inter_chain val AUC: 0.713420 val perc 72.526702; iteration: 35001
2026-06-15 21:24:54,639 - INFO - Hard-3-inter_chain val AUC: 0.511406 val perc 54.465442; iteration: 35001
2026-06-15 21:25:03,939 - INFO - 3-inter val AUC: 0.735970 val perc 73.315682; iteration: 35001
2026-06-15 21:25:13,193 - INFO - Hard-3-inter val AUC: 0.475344 val perc 46.566320; iteration: 35001
2026-06-15 21:25:13,193 - INFO - Test macro-averaged val: 0.696369
2026-06-15 21:25:13,193 - INFO - Improvement from edge conv: 0.000000
