2026-06-16 09:09:57,362 - INFO - Iter: 0; ema_loss: 0.049390
2026-06-16 09:09:57,811 - INFO - Iter: 100; ema_loss: 0.092587
2026-06-16 09:09:58,260 - INFO - Iter: 200; ema_loss: 0.109527
2026-06-16 09:09:58,712 - INFO - Iter: 300; ema_loss: 0.112223
2026-06-16 09:09:59,164 - INFO - Iter: 400; ema_loss: 0.107322
2026-06-16 09:09:59,618 - INFO - Iter: 500; ema_loss: 0.115038
2026-06-16 09:10:00,071 - INFO - Iter: 600; ema_loss: 0.117570
2026-06-16 09:10:00,525 - INFO - Iter: 700; ema_loss: 0.119310
2026-06-16 09:10:00,973 - INFO - Iter: 800; ema_loss: 0.119625
2026-06-16 09:10:01,421 - INFO - Iter: 900; ema_loss: 0.123997
2026-06-16 09:10:01,870 - INFO - Iter: 1000; ema_loss: 0.118016
2026-06-16 09:10:02,319 - INFO - Iter: 1100; ema_loss: 0.114615
2026-06-16 09:10:02,769 - INFO - Iter: 1200; ema_loss: 0.125432
2026-06-16 09:10:03,222 - INFO - Iter: 1300; ema_loss: 0.116777
2026-06-16 09:10:03,670 - INFO - Iter: 1400; ema_loss: 0.112838
2026-06-16 09:10:04,118 - INFO - Iter: 1500; ema_loss: 0.124641
2026-06-16 09:10:04,569 - INFO - Iter: 1600; ema_loss: 0.112568
2026-06-16 09:10:05,019 - INFO - Iter: 1700; ema_loss: 0.120303
2026-06-16 09:10:05,479 - INFO - Iter: 1800; ema_loss: 0.120507
2026-06-16 09:10:05,931 - INFO - Iter: 1900; ema_loss: 0.121860
2026-06-16 09:10:06,383 - INFO - Iter: 2000; ema_loss: 0.125895
2026-06-16 09:10:06,830 - INFO - Iter: 2100; ema_loss: 0.128674
2026-06-16 09:10:07,270 - INFO - Iter: 2200; ema_loss: 0.125546
2026-06-16 09:10:07,713 - INFO - Iter: 2300; ema_loss: 0.129173
2026-06-16 09:10:08,151 - INFO - Iter: 2400; ema_loss: 0.115351
2026-06-16 09:10:08,590 - INFO - Iter: 2500; ema_loss: 0.118338
2026-06-16 09:10:09,030 - INFO - Iter: 2600; ema_loss: 0.125908
2026-06-16 09:10:09,470 - INFO - Iter: 2700; ema_loss: 0.122855
2026-06-16 09:10:09,911 - INFO - Iter: 2800; ema_loss: 0.126794
2026-06-16 09:10:10,349 - INFO - Iter: 2900; ema_loss: 0.125803
2026-06-16 09:10:10,776 - INFO - Iter: 3000; ema_loss: 0.130183
2026-06-16 09:10:11,212 - INFO - Iter: 3100; ema_loss: 0.129582
2026-06-16 09:10:11,651 - INFO - Iter: 3200; ema_loss: 0.119785
2026-06-16 09:10:12,092 - INFO - Iter: 3300; ema_loss: 0.123310
2026-06-16 09:10:12,533 - INFO - Iter: 3400; ema_loss: 0.128573
2026-06-16 09:10:12,972 - INFO - Iter: 3500; ema_loss: 0.124578
2026-06-16 09:10:13,411 - INFO - Iter: 3600; ema_loss: 0.119237
2026-06-16 09:10:13,849 - INFO - Iter: 3700; ema_loss: 0.114696
2026-06-16 09:10:14,288 - INFO - Iter: 3800; ema_loss: 0.115998
2026-06-16 09:10:14,726 - INFO - Iter: 3900; ema_loss: 0.130974
2026-06-16 09:10:15,164 - INFO - Iter: 4000; ema_loss: 0.131205
2026-06-16 09:10:15,603 - INFO - Iter: 4100; ema_loss: 0.126908
2026-06-16 09:10:16,042 - INFO - Iter: 4200; ema_loss: 0.128265
2026-06-16 09:10:16,480 - INFO - Iter: 4300; ema_loss: 0.131096
2026-06-16 09:10:16,918 - INFO - Iter: 4400; ema_loss: 0.117935
2026-06-16 09:10:17,354 - INFO - Iter: 4500; ema_loss: 0.120604
2026-06-16 09:10:17,793 - INFO - Iter: 4600; ema_loss: 0.115336
2026-06-16 09:10:18,228 - INFO - Iter: 4700; ema_loss: 0.115848
2026-06-16 09:10:18,664 - INFO - Iter: 4800; ema_loss: 0.104315
2026-06-16 09:10:19,102 - INFO - Iter: 4900; ema_loss: 0.111411
2026-06-16 09:10:19,537 - INFO - Iter: 5000; ema_loss: 0.111838
2026-06-16 09:10:21,199 - INFO - 1-chain val AUC: 0.978048 val perc 97.940178; iteration: 5000
2026-06-16 09:10:21,937 - INFO - 2-inter val AUC: 0.710470 val perc 68.819672; iteration: 5000
2026-06-16 09:10:22,664 - INFO - Hard-2-inter val AUC: 0.486628 val perc 48.341156; iteration: 5000
2026-06-16 09:10:23,232 - INFO - 2-chain val AUC: 0.921851 val perc 93.693182; iteration: 5000
2026-06-16 09:10:24,144 - INFO - 3-chain val AUC: 0.864184 val perc 87.425743; iteration: 5000
2026-06-16 09:10:25,229 - INFO - 3-chain_inter val AUC: 0.542706 val perc 53.272727; iteration: 5000
2026-06-16 09:10:26,308 - INFO - Hard-3-chain_inter val AUC: 0.558929 val perc 59.345552; iteration: 5000
2026-06-16 09:10:27,404 - INFO - 3-inter_chain val AUC: 0.674525 val perc 66.765957; iteration: 5000
2026-06-16 09:10:28,492 - INFO - Hard-3-inter_chain val AUC: 0.536075 val perc 50.945766; iteration: 5000
2026-06-16 09:10:29,684 - INFO - 3-inter val AUC: 0.710190 val perc 68.463158; iteration: 5000
2026-06-16 09:10:30,872 - INFO - Hard-3-inter val AUC: 0.469807 val perc 45.754475; iteration: 5000
2026-06-16 09:10:31,319 - INFO - Iter: 5100; ema_loss: 0.115959
2026-06-16 09:10:31,767 - INFO - Iter: 5200; ema_loss: 0.119359
2026-06-16 09:10:32,212 - INFO - Iter: 5300; ema_loss: 0.127399
2026-06-16 09:10:32,660 - INFO - Iter: 5400; ema_loss: 0.127174
2026-06-16 09:10:33,106 - INFO - Iter: 5500; ema_loss: 0.119959
2026-06-16 09:10:33,557 - INFO - Iter: 5600; ema_loss: 0.116030
2026-06-16 09:10:34,007 - INFO - Iter: 5700; ema_loss: 0.128220
2026-06-16 09:10:34,456 - INFO - Iter: 5800; ema_loss: 0.122438
2026-06-16 09:10:34,902 - INFO - Iter: 5900; ema_loss: 0.122824
2026-06-16 09:10:35,332 - INFO - Iter: 6000; ema_loss: 0.126114
2026-06-16 09:10:35,780 - INFO - Iter: 6100; ema_loss: 0.119560
2026-06-16 09:10:36,226 - INFO - Iter: 6200; ema_loss: 0.116537
2026-06-16 09:10:36,671 - INFO - Iter: 6300; ema_loss: 0.113948
2026-06-16 09:10:37,120 - INFO - Iter: 6400; ema_loss: 0.116530
2026-06-16 09:10:37,570 - INFO - Iter: 6500; ema_loss: 0.116803
2026-06-16 09:10:38,020 - INFO - Iter: 6600; ema_loss: 0.121227
2026-06-16 09:10:38,466 - INFO - Iter: 6700; ema_loss: 0.119705
2026-06-16 09:10:38,912 - INFO - Iter: 6800; ema_loss: 0.107270
2026-06-16 09:10:39,358 - INFO - Iter: 6900; ema_loss: 0.117354
2026-06-16 09:10:39,807 - INFO - Iter: 7000; ema_loss: 0.118033
2026-06-16 09:10:40,237 - INFO - Iter: 7100; ema_loss: 0.123699
2026-06-16 09:10:40,686 - INFO - Iter: 7200; ema_loss: 0.124450
2026-06-16 09:10:41,133 - INFO - Iter: 7300; ema_loss: 0.119230
2026-06-16 09:10:41,583 - INFO - Iter: 7400; ema_loss: 0.118359
2026-06-16 09:10:42,031 - INFO - Iter: 7500; ema_loss: 0.118547
2026-06-16 09:10:42,480 - INFO - Iter: 7600; ema_loss: 0.128557
2026-06-16 09:10:42,928 - INFO - Iter: 7700; ema_loss: 0.118438
2026-06-16 09:10:43,377 - INFO - Iter: 7800; ema_loss: 0.114818
2026-06-16 09:10:43,829 - INFO - Iter: 7900; ema_loss: 0.105889
2026-06-16 09:10:44,280 - INFO - Iter: 8000; ema_loss: 0.113771
2026-06-16 09:10:44,732 - INFO - Iter: 8100; ema_loss: 0.117231
2026-06-16 09:10:45,178 - INFO - Iter: 8200; ema_loss: 0.112013
2026-06-16 09:10:45,628 - INFO - Iter: 8300; ema_loss: 0.125189
2026-06-16 09:10:46,079 - INFO - Iter: 8400; ema_loss: 0.137502
2026-06-16 09:10:46,530 - INFO - Iter: 8500; ema_loss: 0.136275
2026-06-16 09:10:46,982 - INFO - Iter: 8600; ema_loss: 0.134559
2026-06-16 09:10:47,367 - INFO - Iter: 8700; ema_loss: 0.123629
2026-06-16 09:10:47,737 - INFO - Iter: 8800; ema_loss: 0.123455
2026-06-16 09:10:48,186 - INFO - Iter: 8900; ema_loss: 0.134863
2026-06-16 09:10:48,633 - INFO - Iter: 9000; ema_loss: 0.127953
2026-06-16 09:10:49,082 - INFO - Iter: 9100; ema_loss: 0.126922
2026-06-16 09:10:49,534 - INFO - Iter: 9200; ema_loss: 0.128242
2026-06-16 09:10:49,981 - INFO - Iter: 9300; ema_loss: 0.123779
2026-06-16 09:10:50,427 - INFO - Iter: 9400; ema_loss: 0.124085
2026-06-16 09:10:50,874 - INFO - Iter: 9500; ema_loss: 0.127177
2026-06-16 09:10:51,323 - INFO - Iter: 9600; ema_loss: 0.118092
2026-06-16 09:10:51,772 - INFO - Iter: 9700; ema_loss: 0.117949
2026-06-16 09:10:52,216 - INFO - Iter: 9800; ema_loss: 0.115908
2026-06-16 09:10:52,656 - INFO - Iter: 9900; ema_loss: 0.126924
2026-06-16 09:10:53,113 - INFO - Iter: 10000; ema_loss: 0.126710
2026-06-16 09:10:54,750 - INFO - 1-chain val AUC: 0.977947 val perc 97.968598; iteration: 10000
2026-06-16 09:10:55,476 - INFO - 2-inter val AUC: 0.706436 val perc 70.409836; iteration: 10000
2026-06-16 09:10:56,198 - INFO - Hard-2-inter val AUC: 0.478950 val perc 47.702887; iteration: 10000
2026-06-16 09:10:56,765 - INFO - 2-chain val AUC: 0.922463 val perc 95.227273; iteration: 10000
2026-06-16 09:10:57,675 - INFO - 3-chain val AUC: 0.881203 val perc 88.504950; iteration: 10000
2026-06-16 09:10:58,777 - INFO - 3-chain_inter val AUC: 0.558552 val perc 51.939394; iteration: 10000
2026-06-16 09:10:59,869 - INFO - Hard-3-chain_inter val AUC: 0.569285 val perc 60.956289; iteration: 10000
2026-06-16 09:11:00,959 - INFO - 3-inter_chain val AUC: 0.674330 val perc 63.138298; iteration: 10000
2026-06-16 09:11:02,045 - INFO - Hard-3-inter_chain val AUC: 0.526764 val perc 47.643791; iteration: 10000
2026-06-16 09:11:03,235 - INFO - 3-inter val AUC: 0.711989 val perc 71.673684; iteration: 10000
2026-06-16 09:11:04,424 - INFO - Hard-3-inter val AUC: 0.466522 val perc 47.014384; iteration: 10000
2026-06-16 09:11:04,872 - INFO - Iter: 10100; ema_loss: 0.125249
2026-06-16 09:11:05,317 - INFO - Iter: 10200; ema_loss: 0.117457
2026-06-16 09:11:05,766 - INFO - Iter: 10300; ema_loss: 0.114406
2026-06-16 09:11:06,213 - INFO - Iter: 10400; ema_loss: 0.124594
2026-06-16 09:11:06,663 - INFO - Iter: 10500; ema_loss: 0.126902
2026-06-16 09:11:07,117 - INFO - Iter: 10600; ema_loss: 0.127821
2026-06-16 09:11:07,564 - INFO - Iter: 10700; ema_loss: 0.120205
2026-06-16 09:11:08,016 - INFO - Iter: 10800; ema_loss: 0.122329
2026-06-16 09:11:08,462 - INFO - Iter: 10900; ema_loss: 0.126069
2026-06-16 09:11:08,913 - INFO - Iter: 11000; ema_loss: 0.121570
2026-06-16 09:11:09,367 - INFO - Iter: 11100; ema_loss: 0.120866
2026-06-16 09:11:09,817 - INFO - Iter: 11200; ema_loss: 0.125956
2026-06-16 09:11:10,218 - INFO - Iter: 11300; ema_loss: 0.125738
2026-06-16 09:11:10,576 - INFO - Iter: 11400; ema_loss: 0.125859
2026-06-16 09:11:10,933 - INFO - Iter: 11500; ema_loss: 0.122257
2026-06-16 09:11:11,290 - INFO - Iter: 11600; ema_loss: 0.123722
2026-06-16 09:11:11,707 - INFO - Iter: 11700; ema_loss: 0.123636
2026-06-16 09:11:12,147 - INFO - Iter: 11800; ema_loss: 0.126897
2026-06-16 09:11:12,588 - INFO - Iter: 11900; ema_loss: 0.121333
2026-06-16 09:11:13,038 - INFO - Iter: 12000; ema_loss: 0.111672
2026-06-16 09:11:13,495 - INFO - Iter: 12100; ema_loss: 0.122583
2026-06-16 09:11:13,943 - INFO - Iter: 12200; ema_loss: 0.123096
2026-06-16 09:11:14,388 - INFO - Iter: 12300; ema_loss: 0.115762
2026-06-16 09:11:14,832 - INFO - Iter: 12400; ema_loss: 0.120641
2026-06-16 09:11:15,270 - INFO - Iter: 12500; ema_loss: 0.120306
2026-06-16 09:11:15,707 - INFO - Iter: 12600; ema_loss: 0.112100
2026-06-16 09:11:16,145 - INFO - Iter: 12700; ema_loss: 0.112320
2026-06-16 09:11:16,585 - INFO - Iter: 12800; ema_loss: 0.117121
2026-06-16 09:11:17,025 - INFO - Iter: 12900; ema_loss: 0.123184
2026-06-16 09:11:17,463 - INFO - Iter: 13000; ema_loss: 0.121694
2026-06-16 09:11:17,903 - INFO - Iter: 13100; ema_loss: 0.122872
2026-06-16 09:11:18,340 - INFO - Iter: 13200; ema_loss: 0.118186
2026-06-16 09:11:18,778 - INFO - Iter: 13300; ema_loss: 0.115198
2026-06-16 09:11:19,216 - INFO - Iter: 13400; ema_loss: 0.113734
2026-06-16 09:11:19,654 - INFO - Iter: 13500; ema_loss: 0.120313
2026-06-16 09:11:20,094 - INFO - Iter: 13600; ema_loss: 0.118068
2026-06-16 09:11:20,533 - INFO - Iter: 13700; ema_loss: 0.119340
2026-06-16 09:11:20,975 - INFO - Iter: 13800; ema_loss: 0.119649
2026-06-16 09:11:21,415 - INFO - Iter: 13900; ema_loss: 0.121696
2026-06-16 09:11:21,857 - INFO - Iter: 14000; ema_loss: 0.120419
2026-06-16 09:11:22,299 - INFO - Iter: 14100; ema_loss: 0.124439
2026-06-16 09:11:22,745 - INFO - Iter: 14200; ema_loss: 0.119016
2026-06-16 09:11:23,185 - INFO - Iter: 14300; ema_loss: 0.114203
2026-06-16 09:11:23,627 - INFO - Iter: 14400; ema_loss: 0.119271
2026-06-16 09:11:24,068 - INFO - Iter: 14500; ema_loss: 0.123148
2026-06-16 09:11:24,506 - INFO - Iter: 14600; ema_loss: 0.123131
2026-06-16 09:11:24,951 - INFO - Iter: 14700; ema_loss: 0.129830
2026-06-16 09:11:25,393 - INFO - Iter: 14800; ema_loss: 0.119920
2026-06-16 09:11:25,834 - INFO - Iter: 14900; ema_loss: 0.119130
2026-06-16 09:11:26,274 - INFO - Iter: 15000; ema_loss: 0.121961
2026-06-16 09:11:27,916 - INFO - 1-chain val AUC: 0.977819 val perc 97.992271; iteration: 15000
2026-06-16 09:11:28,643 - INFO - 2-inter val AUC: 0.714187 val perc 71.475410; iteration: 15000
2026-06-16 09:11:29,365 - INFO - Hard-2-inter val AUC: 0.483977 val perc 46.467293; iteration: 15000
2026-06-16 09:11:29,931 - INFO - 2-chain val AUC: 0.901572 val perc 87.670455; iteration: 15000
2026-06-16 09:11:30,842 - INFO - 3-chain val AUC: 0.856075 val perc 86.306931; iteration: 15000
2026-06-16 09:11:31,926 - INFO - 3-chain_inter val AUC: 0.535870 val perc 51.090909; iteration: 15000
2026-06-16 09:11:33,004 - INFO - Hard-3-chain_inter val AUC: 0.562908 val perc 58.103320; iteration: 15000
2026-06-16 09:11:34,090 - INFO - 3-inter_chain val AUC: 0.679992 val perc 66.308511; iteration: 15000
2026-06-16 09:11:35,175 - INFO - Hard-3-inter_chain val AUC: 0.536352 val perc 51.987057; iteration: 15000
2026-06-16 09:11:36,370 - INFO - 3-inter val AUC: 0.729118 val perc 71.589474; iteration: 15000
2026-06-16 09:11:37,563 - INFO - Hard-3-inter val AUC: 0.474134 val perc 47.614681; iteration: 15000
2026-06-16 09:11:37,932 - INFO - Iter: 15100; ema_loss: 0.129486
2026-06-16 09:11:38,300 - INFO - Iter: 15200; ema_loss: 0.118459
2026-06-16 09:11:38,695 - INFO - Iter: 15300; ema_loss: 0.111578
2026-06-16 09:11:39,145 - INFO - Iter: 15400; ema_loss: 0.122621
2026-06-16 09:11:39,583 - INFO - Iter: 15500; ema_loss: 0.121542
2026-06-16 09:11:39,999 - INFO - Iter: 15600; ema_loss: 0.117278
2026-06-16 09:11:40,450 - INFO - Iter: 15700; ema_loss: 0.139668
2026-06-16 09:11:40,901 - INFO - Iter: 15800; ema_loss: 0.130482
2026-06-16 09:11:41,351 - INFO - Iter: 15900; ema_loss: 0.117723
2026-06-16 09:11:41,802 - INFO - Iter: 16000; ema_loss: 0.116981
2026-06-16 09:11:42,253 - INFO - Iter: 16100; ema_loss: 0.116372
2026-06-16 09:11:42,706 - INFO - Iter: 16200; ema_loss: 0.120937
2026-06-16 09:11:43,158 - INFO - Iter: 16300; ema_loss: 0.120771
2026-06-16 09:11:43,612 - INFO - Iter: 16400; ema_loss: 0.126280
2026-06-16 09:11:44,063 - INFO - Iter: 16500; ema_loss: 0.128834
2026-06-16 09:11:44,514 - INFO - Iter: 16600; ema_loss: 0.124102
2026-06-16 09:11:44,963 - INFO - Iter: 16700; ema_loss: 0.120304
2026-06-16 09:11:45,413 - INFO - Iter: 16800; ema_loss: 0.121533
2026-06-16 09:11:45,858 - INFO - Iter: 16900; ema_loss: 0.123608
2026-06-16 09:11:46,307 - INFO - Iter: 17000; ema_loss: 0.122915
2026-06-16 09:11:46,755 - INFO - Iter: 17100; ema_loss: 0.118215
2026-06-16 09:11:47,205 - INFO - Iter: 17200; ema_loss: 0.121919
2026-06-16 09:11:47,653 - INFO - Iter: 17300; ema_loss: 0.115607
2026-06-16 09:11:48,100 - INFO - Iter: 17400; ema_loss: 0.110173
2026-06-16 09:11:48,546 - INFO - Iter: 17500; ema_loss: 0.104887
2026-06-16 09:11:48,991 - INFO - Iter: 17600; ema_loss: 0.118948
2026-06-16 09:11:49,437 - INFO - Iter: 17700; ema_loss: 0.118423
2026-06-16 09:11:49,887 - INFO - Iter: 17800; ema_loss: 0.123358
2026-06-16 09:11:50,334 - INFO - Iter: 17900; ema_loss: 0.117703
2026-06-16 09:11:50,780 - INFO - Iter: 18000; ema_loss: 0.129502
2026-06-16 09:11:51,227 - INFO - Iter: 18100; ema_loss: 0.128227
2026-06-16 09:11:51,675 - INFO - Iter: 18200; ema_loss: 0.128274
2026-06-16 09:11:52,122 - INFO - Iter: 18300; ema_loss: 0.122974
2026-06-16 09:11:52,569 - INFO - Iter: 18400; ema_loss: 0.114640
2026-06-16 09:11:53,014 - INFO - Iter: 18500; ema_loss: 0.112888
2026-06-16 09:11:53,461 - INFO - Iter: 18600; ema_loss: 0.115492
2026-06-16 09:11:53,909 - INFO - Iter: 18700; ema_loss: 0.122502
2026-06-16 09:11:54,355 - INFO - Iter: 18800; ema_loss: 0.120158
2026-06-16 09:11:54,803 - INFO - Iter: 18900; ema_loss: 0.119328
2026-06-16 09:11:55,250 - INFO - Iter: 19000; ema_loss: 0.116471
2026-06-16 09:11:55,694 - INFO - Iter: 19100; ema_loss: 0.117495
2026-06-16 09:11:56,142 - INFO - Iter: 19200; ema_loss: 0.121475
2026-06-16 09:11:56,588 - INFO - Iter: 19300; ema_loss: 0.113442
2026-06-16 09:11:57,035 - INFO - Iter: 19400; ema_loss: 0.116233
2026-06-16 09:11:57,482 - INFO - Iter: 19500; ema_loss: 0.119664
2026-06-16 09:11:57,929 - INFO - Iter: 19600; ema_loss: 0.121434
2026-06-16 09:11:58,377 - INFO - Iter: 19700; ema_loss: 0.118343
2026-06-16 09:11:58,825 - INFO - Iter: 19800; ema_loss: 0.113899
2026-06-16 09:11:59,272 - INFO - Iter: 19900; ema_loss: 0.113531
2026-06-16 09:11:59,720 - INFO - Iter: 20000; ema_loss: 0.111407
2026-06-16 09:12:01,341 - INFO - 1-chain val AUC: 0.978036 val perc 97.932631; iteration: 20000
2026-06-16 09:12:02,042 - INFO - 2-inter val AUC: 0.723881 val perc 68.270492; iteration: 20000
2026-06-16 09:12:02,741 - INFO - Hard-2-inter val AUC: 0.482908 val perc 46.235347; iteration: 20000
2026-06-16 09:12:03,289 - INFO - 2-chain val AUC: 0.909442 val perc 89.318182; iteration: 20000
2026-06-16 09:12:04,173 - INFO - 3-chain val AUC: 0.862566 val perc 85.910891; iteration: 20000
2026-06-16 09:12:05,229 - INFO - 3-chain_inter val AUC: 0.530385 val perc 49.717172; iteration: 20000
2026-06-16 09:12:06,282 - INFO - Hard-3-chain_inter val AUC: 0.568042 val perc 59.327070; iteration: 20000
2026-06-16 09:12:07,345 - INFO - 3-inter_chain val AUC: 0.682710 val perc 66.882979; iteration: 20000
2026-06-16 09:12:08,409 - INFO - Hard-3-inter_chain val AUC: 0.534717 val perc 51.569164; iteration: 20000
2026-06-16 09:12:09,580 - INFO - 3-inter val AUC: 0.715393 val perc 72.989474; iteration: 20000
2026-06-16 09:12:10,749 - INFO - Hard-3-inter val AUC: 0.464935 val perc 48.838180; iteration: 20000
2026-06-16 09:12:10,752 - INFO - Edge converged at iteration 20000
2026-06-16 09:12:10,752 - INFO - Testing at edge conv...
2026-06-16 09:12:24,284 - INFO - 1-chain val AUC: 0.977571 val perc 97.951784; iteration: 20001
2026-06-16 09:12:26,235 - INFO - 2-inter val AUC: 0.719321 val perc 70.648756; iteration: 20001
2026-06-16 09:12:28,159 - INFO - Hard-2-inter val AUC: 0.486768 val perc 47.302426; iteration: 20001
2026-06-16 09:12:29,718 - INFO - 2-chain val AUC: 0.921055 val perc 91.995902; iteration: 20001
2026-06-16 09:12:35,755 - INFO - 3-chain val AUC: 0.866217 val perc 86.664990; iteration: 20001
2026-06-16 09:12:43,562 - INFO - 3-chain_inter val AUC: 0.537583 val perc 54.537166; iteration: 20001
2026-06-16 09:12:51,320 - INFO - Hard-3-chain_inter val AUC: 0.565404 val perc 61.324330; iteration: 20001
2026-06-16 09:12:58,527 - INFO - 3-inter_chain val AUC: 0.686145 val perc 67.693194; iteration: 20001
2026-06-16 09:13:05,715 - INFO - Hard-3-inter_chain val AUC: 0.517542 val perc 52.184959; iteration: 20001
2026-06-16 09:13:13,828 - INFO - 3-inter val AUC: 0.715229 val perc 71.576375; iteration: 20001
2026-06-16 09:13:21,923 - INFO - Hard-3-inter val AUC: 0.475270 val perc 47.225229; iteration: 20001
2026-06-16 09:13:35,621 - INFO - 1-chain val AUC: 0.977571 val perc 97.951784; iteration: 20001
2026-06-16 09:13:37,569 - INFO - 2-inter val AUC: 0.719321 val perc 70.648756; iteration: 20001
2026-06-16 09:13:39,486 - INFO - Hard-2-inter val AUC: 0.486768 val perc 47.302426; iteration: 20001
2026-06-16 09:13:41,045 - INFO - 2-chain val AUC: 0.921055 val perc 91.995902; iteration: 20001
2026-06-16 09:13:47,090 - INFO - 3-chain val AUC: 0.866217 val perc 86.664990; iteration: 20001
2026-06-16 09:13:54,893 - INFO - 3-chain_inter val AUC: 0.537583 val perc 54.537166; iteration: 20001
2026-06-16 09:14:02,639 - INFO - Hard-3-chain_inter val AUC: 0.565404 val perc 61.324330; iteration: 20001
2026-06-16 09:14:09,841 - INFO - 3-inter_chain val AUC: 0.686145 val perc 67.693194; iteration: 20001
2026-06-16 09:14:17,015 - INFO - Hard-3-inter_chain val AUC: 0.517542 val perc 52.184959; iteration: 20001
2026-06-16 09:14:25,147 - INFO - 3-inter val AUC: 0.715229 val perc 71.576375; iteration: 20001
2026-06-16 09:14:33,238 - INFO - Hard-3-inter val AUC: 0.475270 val perc 47.225229; iteration: 20001
2026-06-16 09:14:33,238 - INFO - Test macro-averaged val: 0.678919
2026-06-16 09:14:33,238 - INFO - Improvement from edge conv: 0.000000
