2026-06-15 21:56:48,930 - INFO - Iter: 0; ema_loss: 0.051184
2026-06-15 21:56:49,411 - INFO - Iter: 100; ema_loss: 0.091620
2026-06-15 21:56:49,893 - INFO - Iter: 200; ema_loss: 0.106133
2026-06-15 21:56:50,374 - INFO - Iter: 300; ema_loss: 0.112293
2026-06-15 21:56:50,853 - INFO - Iter: 400; ema_loss: 0.115460
2026-06-15 21:56:51,332 - INFO - Iter: 500; ema_loss: 0.111377
2026-06-15 21:56:51,809 - INFO - Iter: 600; ema_loss: 0.118738
2026-06-15 21:56:52,289 - INFO - Iter: 700; ema_loss: 0.110560
2026-06-15 21:56:52,775 - INFO - Iter: 800; ema_loss: 0.121818
2026-06-15 21:56:53,291 - INFO - Iter: 900; ema_loss: 0.113493
2026-06-15 21:56:53,814 - INFO - Iter: 1000; ema_loss: 0.122632
2026-06-15 21:56:54,332 - INFO - Iter: 1100; ema_loss: 0.113208
2026-06-15 21:56:54,808 - INFO - Iter: 1200; ema_loss: 0.110295
2026-06-15 21:56:55,283 - INFO - Iter: 1300; ema_loss: 0.107605
2026-06-15 21:56:55,757 - INFO - Iter: 1400; ema_loss: 0.113749
2026-06-15 21:56:56,231 - INFO - Iter: 1500; ema_loss: 0.112732
2026-06-15 21:56:56,705 - INFO - Iter: 1600; ema_loss: 0.109711
2026-06-15 21:56:57,186 - INFO - Iter: 1700; ema_loss: 0.115307
2026-06-15 21:56:57,633 - INFO - Iter: 1800; ema_loss: 0.109922
2026-06-15 21:56:58,126 - INFO - Iter: 1900; ema_loss: 0.111219
2026-06-15 21:56:58,637 - INFO - Iter: 2000; ema_loss: 0.118541
2026-06-15 21:56:59,140 - INFO - Iter: 2100; ema_loss: 0.117509
2026-06-15 21:56:59,646 - INFO - Iter: 2200; ema_loss: 0.117486
2026-06-15 21:57:00,144 - INFO - Iter: 2300; ema_loss: 0.107655
2026-06-15 21:57:00,634 - INFO - Iter: 2400; ema_loss: 0.111238
2026-06-15 21:57:01,131 - INFO - Iter: 2500; ema_loss: 0.113653
2026-06-15 21:57:01,632 - INFO - Iter: 2600; ema_loss: 0.112685
2026-06-15 21:57:02,125 - INFO - Iter: 2700; ema_loss: 0.115754
2026-06-15 21:57:02,627 - INFO - Iter: 2800; ema_loss: 0.115514
2026-06-15 21:57:03,123 - INFO - Iter: 2900; ema_loss: 0.108357
2026-06-15 21:57:03,615 - INFO - Iter: 3000; ema_loss: 0.111325
2026-06-15 21:57:04,082 - INFO - Iter: 3100; ema_loss: 0.117342
2026-06-15 21:57:04,552 - INFO - Iter: 3200; ema_loss: 0.113989
2026-06-15 21:57:05,021 - INFO - Iter: 3300; ema_loss: 0.117077
2026-06-15 21:57:05,489 - INFO - Iter: 3400; ema_loss: 0.109962
2026-06-15 21:57:05,961 - INFO - Iter: 3500; ema_loss: 0.116180
2026-06-15 21:57:06,424 - INFO - Iter: 3600; ema_loss: 0.112610
2026-06-15 21:57:06,921 - INFO - Iter: 3700; ema_loss: 0.118135
2026-06-15 21:57:07,412 - INFO - Iter: 3800; ema_loss: 0.113781
2026-06-15 21:57:07,904 - INFO - Iter: 3900; ema_loss: 0.116815
2026-06-15 21:57:08,408 - INFO - Iter: 4000; ema_loss: 0.116143
2026-06-15 21:57:08,910 - INFO - Iter: 4100; ema_loss: 0.107895
2026-06-15 21:57:09,422 - INFO - Iter: 4200; ema_loss: 0.115876
2026-06-15 21:57:09,929 - INFO - Iter: 4300; ema_loss: 0.112396
2026-06-15 21:57:10,415 - INFO - Iter: 4400; ema_loss: 0.109283
2026-06-15 21:57:10,865 - INFO - Iter: 4500; ema_loss: 0.112199
2026-06-15 21:57:11,309 - INFO - Iter: 4600; ema_loss: 0.113755
2026-06-15 21:57:11,743 - INFO - Iter: 4700; ema_loss: 0.116876
2026-06-15 21:57:12,179 - INFO - Iter: 4800; ema_loss: 0.106710
2026-06-15 21:57:12,684 - INFO - Iter: 4900; ema_loss: 0.105799
2026-06-15 21:57:13,198 - INFO - Iter: 5000; ema_loss: 0.116879
2026-06-15 21:57:14,800 - INFO - 1-chain val AUC: 0.979033 val perc 98.082157; iteration: 5000
2026-06-15 21:57:15,641 - INFO - 2-inter val AUC: 0.744976 val perc 71.983607; iteration: 5000
2026-06-15 21:57:16,473 - INFO - Hard-2-inter val AUC: 0.478567 val perc 47.784580; iteration: 5000
2026-06-15 21:57:17,112 - INFO - 2-chain val AUC: 0.900600 val perc 88.443182; iteration: 5000
2026-06-15 21:57:18,140 - INFO - 3-chain val AUC: 0.830864 val perc 82.297030; iteration: 5000
2026-06-15 21:57:19,387 - INFO - 3-chain_inter val AUC: 0.612090 val perc 61.303030; iteration: 5000
2026-06-15 21:57:20,628 - INFO - Hard-3-chain_inter val AUC: 0.570565 val perc 58.545714; iteration: 5000
2026-06-15 21:57:21,878 - INFO - 3-inter_chain val AUC: 0.706979 val perc 68.734043; iteration: 5000
2026-06-15 21:57:23,127 - INFO - Hard-3-inter_chain val AUC: 0.521974 val perc 49.451745; iteration: 5000
2026-06-15 21:57:24,503 - INFO - 3-inter val AUC: 0.731816 val perc 73.547368; iteration: 5000
2026-06-15 21:57:25,877 - INFO - Hard-3-inter val AUC: 0.465572 val perc 48.271180; iteration: 5000
2026-06-15 21:57:26,358 - INFO - Iter: 5100; ema_loss: 0.110541
2026-06-15 21:57:26,840 - INFO - Iter: 5200; ema_loss: 0.115837
2026-06-15 21:57:27,323 - INFO - Iter: 5300; ema_loss: 0.113940
2026-06-15 21:57:27,804 - INFO - Iter: 5400; ema_loss: 0.115097
2026-06-15 21:57:28,248 - INFO - Iter: 5500; ema_loss: 0.109383
2026-06-15 21:57:28,729 - INFO - Iter: 5600; ema_loss: 0.100465
2026-06-15 21:57:29,210 - INFO - Iter: 5700; ema_loss: 0.104898
2026-06-15 21:57:29,690 - INFO - Iter: 5800; ema_loss: 0.110210
2026-06-15 21:57:30,168 - INFO - Iter: 5900; ema_loss: 0.110111
2026-06-15 21:57:30,645 - INFO - Iter: 6000; ema_loss: 0.109434
2026-06-15 21:57:31,104 - INFO - Iter: 6100; ema_loss: 0.111104
2026-06-15 21:57:31,589 - INFO - Iter: 6200; ema_loss: 0.106664
2026-06-15 21:57:32,069 - INFO - Iter: 6300; ema_loss: 0.115260
2026-06-15 21:57:32,548 - INFO - Iter: 6400; ema_loss: 0.108130
2026-06-15 21:57:33,023 - INFO - Iter: 6500; ema_loss: 0.107018
2026-06-15 21:57:33,499 - INFO - Iter: 6600; ema_loss: 0.109892
2026-06-15 21:57:33,974 - INFO - Iter: 6700; ema_loss: 0.111770
2026-06-15 21:57:34,450 - INFO - Iter: 6800; ema_loss: 0.109000
2026-06-15 21:57:34,932 - INFO - Iter: 6900; ema_loss: 0.116710
2026-06-15 21:57:35,320 - INFO - Iter: 7000; ema_loss: 0.114251
2026-06-15 21:57:35,697 - INFO - Iter: 7100; ema_loss: 0.111346
2026-06-15 21:57:36,104 - INFO - Iter: 7200; ema_loss: 0.114046
2026-06-15 21:57:36,584 - INFO - Iter: 7300; ema_loss: 0.116578
2026-06-15 21:57:37,063 - INFO - Iter: 7400; ema_loss: 0.122852
2026-06-15 21:57:37,542 - INFO - Iter: 7500; ema_loss: 0.120762
2026-06-15 21:57:38,020 - INFO - Iter: 7600; ema_loss: 0.124373
2026-06-15 21:57:38,498 - INFO - Iter: 7700; ema_loss: 0.110456
2026-06-15 21:57:38,977 - INFO - Iter: 7800; ema_loss: 0.107269
2026-06-15 21:57:39,451 - INFO - Iter: 7900; ema_loss: 0.113703
2026-06-15 21:57:39,932 - INFO - Iter: 8000; ema_loss: 0.107315
2026-06-15 21:57:40,416 - INFO - Iter: 8100; ema_loss: 0.120573
2026-06-15 21:57:40,901 - INFO - Iter: 8200; ema_loss: 0.121149
2026-06-15 21:57:41,386 - INFO - Iter: 8300; ema_loss: 0.117340
2026-06-15 21:57:41,866 - INFO - Iter: 8400; ema_loss: 0.109070
2026-06-15 21:57:42,342 - INFO - Iter: 8500; ema_loss: 0.121220
2026-06-15 21:57:42,826 - INFO - Iter: 8600; ema_loss: 0.115289
2026-06-15 21:57:43,306 - INFO - Iter: 8700; ema_loss: 0.124321
2026-06-15 21:57:43,781 - INFO - Iter: 8800; ema_loss: 0.122653
2026-06-15 21:57:44,263 - INFO - Iter: 8900; ema_loss: 0.117117
2026-06-15 21:57:44,738 - INFO - Iter: 9000; ema_loss: 0.117953
2026-06-15 21:57:45,215 - INFO - Iter: 9100; ema_loss: 0.116318
2026-06-15 21:57:45,688 - INFO - Iter: 9200; ema_loss: 0.105214
2026-06-15 21:57:46,182 - INFO - Iter: 9300; ema_loss: 0.107368
2026-06-15 21:57:46,664 - INFO - Iter: 9400; ema_loss: 0.113112
2026-06-15 21:57:47,144 - INFO - Iter: 9500; ema_loss: 0.105251
2026-06-15 21:57:47,623 - INFO - Iter: 9600; ema_loss: 0.104097
2026-06-15 21:57:48,100 - INFO - Iter: 9700; ema_loss: 0.113059
2026-06-15 21:57:48,580 - INFO - Iter: 9800; ema_loss: 0.110352
2026-06-15 21:57:49,057 - INFO - Iter: 9900; ema_loss: 0.120417
2026-06-15 21:57:49,538 - INFO - Iter: 10000; ema_loss: 0.118647
2026-06-15 21:57:51,016 - INFO - 1-chain val AUC: 0.979224 val perc 98.067064; iteration: 10000
2026-06-15 21:57:51,846 - INFO - 2-inter val AUC: 0.741950 val perc 74.786885; iteration: 10000
2026-06-15 21:57:52,669 - INFO - Hard-2-inter val AUC: 0.485569 val perc 50.122808; iteration: 10000
2026-06-15 21:57:53,298 - INFO - 2-chain val AUC: 0.906472 val perc 89.568182; iteration: 10000
2026-06-15 21:57:54,316 - INFO - 3-chain val AUC: 0.874557 val perc 88.336634; iteration: 10000
2026-06-15 21:57:55,551 - INFO - 3-chain_inter val AUC: 0.599222 val perc 60.949495; iteration: 10000
2026-06-15 21:57:56,786 - INFO - Hard-3-chain_inter val AUC: 0.567528 val perc 61.479665; iteration: 10000
2026-06-15 21:57:58,037 - INFO - 3-inter_chain val AUC: 0.707942 val perc 68.372340; iteration: 10000
2026-06-15 21:57:59,288 - INFO - Hard-3-inter_chain val AUC: 0.531191 val perc 52.822347; iteration: 10000
2026-06-15 21:58:00,663 - INFO - 3-inter val AUC: 0.728869 val perc 75.221053; iteration: 10000
2026-06-15 21:58:02,037 - INFO - Hard-3-inter val AUC: 0.468153 val perc 51.114343; iteration: 10000
2026-06-15 21:58:02,521 - INFO - Iter: 10100; ema_loss: 0.111463
2026-06-15 21:58:02,992 - INFO - Iter: 10200; ema_loss: 0.112381
2026-06-15 21:58:03,470 - INFO - Iter: 10300; ema_loss: 0.101005
2026-06-15 21:58:03,949 - INFO - Iter: 10400; ema_loss: 0.107233
2026-06-15 21:58:04,429 - INFO - Iter: 10500; ema_loss: 0.117186
2026-06-15 21:58:04,906 - INFO - Iter: 10600; ema_loss: 0.107141
2026-06-15 21:58:05,382 - INFO - Iter: 10700; ema_loss: 0.111326
2026-06-15 21:58:05,837 - INFO - Iter: 10800; ema_loss: 0.103914
2026-06-15 21:58:06,233 - INFO - Iter: 10900; ema_loss: 0.101777
2026-06-15 21:58:06,710 - INFO - Iter: 11000; ema_loss: 0.110715
2026-06-15 21:58:07,189 - INFO - Iter: 11100; ema_loss: 0.107131
2026-06-15 21:58:07,664 - INFO - Iter: 11200; ema_loss: 0.105323
2026-06-15 21:58:08,147 - INFO - Iter: 11300; ema_loss: 0.107765
2026-06-15 21:58:08,630 - INFO - Iter: 11400; ema_loss: 0.112704
2026-06-15 21:58:09,113 - INFO - Iter: 11500; ema_loss: 0.121256
2026-06-15 21:58:09,592 - INFO - Iter: 11600; ema_loss: 0.122841
2026-06-15 21:58:10,071 - INFO - Iter: 11700; ema_loss: 0.121674
2026-06-15 21:58:10,550 - INFO - Iter: 11800; ema_loss: 0.116024
2026-06-15 21:58:11,005 - INFO - Iter: 11900; ema_loss: 0.112164
2026-06-15 21:58:11,483 - INFO - Iter: 12000; ema_loss: 0.106337
2026-06-15 21:58:11,962 - INFO - Iter: 12100; ema_loss: 0.109005
2026-06-15 21:58:12,443 - INFO - Iter: 12200; ema_loss: 0.105700
2026-06-15 21:58:12,909 - INFO - Iter: 12300; ema_loss: 0.111322
2026-06-15 21:58:13,390 - INFO - Iter: 12400; ema_loss: 0.115645
2026-06-15 21:58:13,869 - INFO - Iter: 12500; ema_loss: 0.107833
2026-06-15 21:58:14,345 - INFO - Iter: 12600; ema_loss: 0.102575
2026-06-15 21:58:14,826 - INFO - Iter: 12700; ema_loss: 0.107027
2026-06-15 21:58:15,307 - INFO - Iter: 12800; ema_loss: 0.111159
2026-06-15 21:58:15,782 - INFO - Iter: 12900; ema_loss: 0.111425
2026-06-15 21:58:16,259 - INFO - Iter: 13000; ema_loss: 0.113828
2026-06-15 21:58:16,738 - INFO - Iter: 13100; ema_loss: 0.110325
2026-06-15 21:58:17,216 - INFO - Iter: 13200; ema_loss: 0.113402
2026-06-15 21:58:17,693 - INFO - Iter: 13300; ema_loss: 0.108241
2026-06-15 21:58:18,169 - INFO - Iter: 13400; ema_loss: 0.112204
2026-06-15 21:58:18,644 - INFO - Iter: 13500; ema_loss: 0.116609
2026-06-15 21:58:19,119 - INFO - Iter: 13600; ema_loss: 0.114038
2026-06-15 21:58:19,597 - INFO - Iter: 13700; ema_loss: 0.113732
2026-06-15 21:58:20,074 - INFO - Iter: 13800; ema_loss: 0.110580
2026-06-15 21:58:20,550 - INFO - Iter: 13900; ema_loss: 0.112338
2026-06-15 21:58:21,027 - INFO - Iter: 14000; ema_loss: 0.116215
2026-06-15 21:58:21,505 - INFO - Iter: 14100; ema_loss: 0.114452
2026-06-15 21:58:21,983 - INFO - Iter: 14200; ema_loss: 0.114847
2026-06-15 21:58:22,459 - INFO - Iter: 14300; ema_loss: 0.109341
2026-06-15 21:58:22,937 - INFO - Iter: 14400; ema_loss: 0.115951
2026-06-15 21:58:23,414 - INFO - Iter: 14500; ema_loss: 0.109989
2026-06-15 21:58:23,889 - INFO - Iter: 14600; ema_loss: 0.104840
2026-06-15 21:58:24,366 - INFO - Iter: 14700; ema_loss: 0.108694
2026-06-15 21:58:24,842 - INFO - Iter: 14800; ema_loss: 0.106081
2026-06-15 21:58:25,318 - INFO - Iter: 14900; ema_loss: 0.117176
2026-06-15 21:58:25,796 - INFO - Iter: 15000; ema_loss: 0.109200
2026-06-15 21:58:27,261 - INFO - 1-chain val AUC: 0.979121 val perc 98.068768; iteration: 15000
2026-06-15 21:58:28,081 - INFO - 2-inter val AUC: 0.741841 val perc 72.549180; iteration: 15000
2026-06-15 21:58:28,898 - INFO - Hard-2-inter val AUC: 0.478615 val perc 49.353241; iteration: 15000
2026-06-15 21:58:29,526 - INFO - 2-chain val AUC: 0.889063 val perc 86.761364; iteration: 15000
2026-06-15 21:58:30,547 - INFO - 3-chain val AUC: 0.849572 val perc 86.376238; iteration: 15000
2026-06-15 21:58:31,781 - INFO - 3-chain_inter val AUC: 0.609414 val perc 63.161616; iteration: 15000
2026-06-15 21:58:33,008 - INFO - Hard-3-chain_inter val AUC: 0.570353 val perc 60.080422; iteration: 15000
2026-06-15 21:58:34,250 - INFO - 3-inter_chain val AUC: 0.709948 val perc 68.021277; iteration: 15000
2026-06-15 21:58:35,495 - INFO - Hard-3-inter_chain val AUC: 0.532722 val perc 52.175914; iteration: 15000
2026-06-15 21:58:36,859 - INFO - 3-inter val AUC: 0.731421 val perc 72.936842; iteration: 15000
2026-06-15 21:58:38,229 - INFO - Hard-3-inter val AUC: 0.464671 val perc 48.228546; iteration: 15000
2026-06-15 21:58:38,709 - INFO - Iter: 15100; ema_loss: 0.110705
2026-06-15 21:58:39,187 - INFO - Iter: 15200; ema_loss: 0.102744
2026-06-15 21:58:39,664 - INFO - Iter: 15300; ema_loss: 0.101352
2026-06-15 21:58:40,140 - INFO - Iter: 15400; ema_loss: 0.105382
2026-06-15 21:58:40,619 - INFO - Iter: 15500; ema_loss: 0.110636
2026-06-15 21:58:41,097 - INFO - Iter: 15600; ema_loss: 0.105988
2026-06-15 21:58:41,574 - INFO - Iter: 15700; ema_loss: 0.098937
2026-06-15 21:58:42,053 - INFO - Iter: 15800; ema_loss: 0.107211
2026-06-15 21:58:42,530 - INFO - Iter: 15900; ema_loss: 0.116989
2026-06-15 21:58:43,008 - INFO - Iter: 16000; ema_loss: 0.112647
2026-06-15 21:58:43,485 - INFO - Iter: 16100; ema_loss: 0.110531
2026-06-15 21:58:43,964 - INFO - Iter: 16200; ema_loss: 0.114559
2026-06-15 21:58:44,442 - INFO - Iter: 16300; ema_loss: 0.106932
2026-06-15 21:58:44,919 - INFO - Iter: 16400; ema_loss: 0.111973
2026-06-15 21:58:45,398 - INFO - Iter: 16500; ema_loss: 0.115727
2026-06-15 21:58:45,876 - INFO - Iter: 16600; ema_loss: 0.109005
2026-06-15 21:58:46,351 - INFO - Iter: 16700; ema_loss: 0.115350
2026-06-15 21:58:46,828 - INFO - Iter: 16800; ema_loss: 0.121613
2026-06-15 21:58:47,305 - INFO - Iter: 16900; ema_loss: 0.114179
2026-06-15 21:58:47,781 - INFO - Iter: 17000; ema_loss: 0.122142
2026-06-15 21:58:48,257 - INFO - Iter: 17100; ema_loss: 0.113208
2026-06-15 21:58:48,735 - INFO - Iter: 17200; ema_loss: 0.115858
2026-06-15 21:58:49,212 - INFO - Iter: 17300; ema_loss: 0.111511
2026-06-15 21:58:49,690 - INFO - Iter: 17400; ema_loss: 0.113854
2026-06-15 21:58:50,165 - INFO - Iter: 17500; ema_loss: 0.111776
2026-06-15 21:58:50,642 - INFO - Iter: 17600; ema_loss: 0.114086
2026-06-15 21:58:51,123 - INFO - Iter: 17700; ema_loss: 0.117081
2026-06-15 21:58:51,602 - INFO - Iter: 17800; ema_loss: 0.107719
2026-06-15 21:58:52,080 - INFO - Iter: 17900; ema_loss: 0.107161
2026-06-15 21:58:52,557 - INFO - Iter: 18000; ema_loss: 0.108786
2026-06-15 21:58:53,036 - INFO - Iter: 18100; ema_loss: 0.104285
2026-06-15 21:58:53,513 - INFO - Iter: 18200; ema_loss: 0.117081
2026-06-15 21:58:53,991 - INFO - Iter: 18300; ema_loss: 0.107662
2026-06-15 21:58:54,468 - INFO - Iter: 18400; ema_loss: 0.116691
2026-06-15 21:58:54,947 - INFO - Iter: 18500; ema_loss: 0.111995
2026-06-15 21:58:55,386 - INFO - Iter: 18600; ema_loss: 0.114265
2026-06-15 21:58:55,858 - INFO - Iter: 18700; ema_loss: 0.111449
2026-06-15 21:58:56,339 - INFO - Iter: 18800; ema_loss: 0.110702
2026-06-15 21:58:56,817 - INFO - Iter: 18900; ema_loss: 0.116768
2026-06-15 21:58:57,304 - INFO - Iter: 19000; ema_loss: 0.120705
2026-06-15 21:58:57,783 - INFO - Iter: 19100; ema_loss: 0.117834
2026-06-15 21:58:58,261 - INFO - Iter: 19200; ema_loss: 0.108937
2026-06-15 21:58:58,739 - INFO - Iter: 19300; ema_loss: 0.111052
2026-06-15 21:58:59,228 - INFO - Iter: 19400; ema_loss: 0.114075
2026-06-15 21:58:59,713 - INFO - Iter: 19500; ema_loss: 0.124742
2026-06-15 21:59:00,194 - INFO - Iter: 19600; ema_loss: 0.120039
2026-06-15 21:59:00,675 - INFO - Iter: 19700; ema_loss: 0.118164
2026-06-15 21:59:01,157 - INFO - Iter: 19800; ema_loss: 0.114083
2026-06-15 21:59:01,640 - INFO - Iter: 19900; ema_loss: 0.125250
2026-06-15 21:59:02,125 - INFO - Iter: 20000; ema_loss: 0.116577
2026-06-15 21:59:03,590 - INFO - 1-chain val AUC: 0.978780 val perc 98.069377; iteration: 20000
2026-06-15 21:59:04,415 - INFO - 2-inter val AUC: 0.735371 val perc 73.483607; iteration: 20000
2026-06-15 21:59:05,234 - INFO - Hard-2-inter val AUC: 0.476384 val perc 49.520595; iteration: 20000
2026-06-15 21:59:05,863 - INFO - 2-chain val AUC: 0.887765 val perc 88.329545; iteration: 20000
2026-06-15 21:59:06,882 - INFO - 3-chain val AUC: 0.832965 val perc 85.316832; iteration: 20000
2026-06-15 21:59:08,115 - INFO - 3-chain_inter val AUC: 0.592730 val perc 56.464646; iteration: 20000
2026-06-15 21:59:09,345 - INFO - Hard-3-chain_inter val AUC: 0.567066 val perc 59.057986; iteration: 20000
2026-06-15 21:59:10,583 - INFO - 3-inter_chain val AUC: 0.714329 val perc 66.861702; iteration: 20000
2026-06-15 21:59:11,819 - INFO - Hard-3-inter_chain val AUC: 0.530703 val perc 51.561952; iteration: 20000
2026-06-15 21:59:13,180 - INFO - 3-inter val AUC: 0.722861 val perc 73.768421; iteration: 20000
2026-06-15 21:59:14,543 - INFO - Hard-3-inter val AUC: 0.462019 val perc 46.441830; iteration: 20000
2026-06-15 21:59:14,546 - INFO - Edge converged at iteration 20000
2026-06-15 21:59:14,546 - INFO - Testing at edge conv...
2026-06-15 21:59:26,774 - INFO - 1-chain val AUC: 0.978476 val perc 98.074034; iteration: 20001
2026-06-15 21:59:28,960 - INFO - 2-inter val AUC: 0.728916 val perc 72.546269; iteration: 20001
2026-06-15 21:59:31,117 - INFO - Hard-2-inter val AUC: 0.479674 val perc 47.652671; iteration: 20001
2026-06-15 21:59:32,841 - INFO - 2-chain val AUC: 0.901401 val perc 87.819672; iteration: 20001
2026-06-15 21:59:39,590 - INFO - 3-chain val AUC: 0.840339 val perc 82.400402; iteration: 20001
2026-06-15 21:59:48,476 - INFO - 3-chain_inter val AUC: 0.600388 val perc 61.280476; iteration: 20001
2026-06-15 21:59:57,303 - INFO - Hard-3-chain_inter val AUC: 0.560708 val perc 63.405935; iteration: 20001
2026-06-15 22:00:05,639 - INFO - 3-inter_chain val AUC: 0.705646 val perc 70.851309; iteration: 20001
2026-06-15 22:00:13,860 - INFO - Hard-3-inter_chain val AUC: 0.516500 val perc 53.839247; iteration: 20001
2026-06-15 22:00:23,232 - INFO - 3-inter val AUC: 0.732092 val perc 73.143585; iteration: 20001
2026-06-15 22:00:32,496 - INFO - Hard-3-inter val AUC: 0.471829 val perc 46.423680; iteration: 20001
2026-06-15 22:00:44,772 - INFO - 1-chain val AUC: 0.978476 val perc 98.074034; iteration: 20001
2026-06-15 22:00:46,952 - INFO - 2-inter val AUC: 0.728916 val perc 72.546269; iteration: 20001
2026-06-15 22:00:49,105 - INFO - Hard-2-inter val AUC: 0.479674 val perc 47.652671; iteration: 20001
2026-06-15 22:00:50,820 - INFO - 2-chain val AUC: 0.901401 val perc 87.819672; iteration: 20001
2026-06-15 22:00:57,580 - INFO - 3-chain val AUC: 0.840339 val perc 82.400402; iteration: 20001
2026-06-15 22:01:06,460 - INFO - 3-chain_inter val AUC: 0.600388 val perc 61.280476; iteration: 20001
2026-06-15 22:01:15,233 - INFO - Hard-3-chain_inter val AUC: 0.560708 val perc 63.405935; iteration: 20001
2026-06-15 22:01:23,395 - INFO - 3-inter_chain val AUC: 0.705646 val perc 70.851309; iteration: 20001
2026-06-15 22:01:31,547 - INFO - Hard-3-inter_chain val AUC: 0.516500 val perc 53.839247; iteration: 20001
2026-06-15 22:01:40,810 - INFO - 3-inter val AUC: 0.732092 val perc 73.143585; iteration: 20001
2026-06-15 22:01:50,032 - INFO - Hard-3-inter val AUC: 0.471829 val perc 46.423680; iteration: 20001
2026-06-15 22:01:50,032 - INFO - Test macro-averaged val: 0.683270
2026-06-15 22:01:50,032 - INFO - Improvement from edge conv: 0.000000
